[0.058s] DEBUG:colcon:Command line arguments: ['/usr/bin/colcon', 'build']
[0.058s] DEBUG:colcon:Parsed command line arguments: Namespace(log_base=None, log_level=None, verb_name='build', build_base='build', install_base='install', merge_install=False, symlink_install=False, test_result_base=None, continue_on_error=False, executor='parallel', parallel_workers=16, event_handlers=None, ignore_user_meta=False, metas=['./colcon.meta'], base_paths=['.'], packages_ignore=None, packages_ignore_regex=None, paths=None, packages_up_to=None, packages_up_to_regex=None, packages_above=None, packages_above_and_dependencies=None, packages_above_depth=None, packages_select_by_dep=None, packages_skip_by_dep=None, packages_skip_up_to=None, packages_select_build_failed=False, packages_skip_build_finished=False, packages_select_test_failures=False, packages_skip_test_passed=False, packages_select=None, packages_skip=None, packages_select_regex=None, packages_skip_regex=None, packages_start=None, packages_end=None, allow_overriding=[], cmake_args=None, cmake_target=None, cmake_target_skip_unavailable=False, cmake_clean_cache=False, cmake_clean_first=False, cmake_force_configure=False, ament_cmake_args=None, catkin_cmake_args=None, catkin_skip_building_tests=False, mixin_files=None, mixin=None, verb_parser=<colcon_mixin.mixin.mixin_argument.MixinArgumentDecorator object at 0x72e493c1de40>, verb_extension=<colcon_core.verb.build.BuildVerb object at 0x72e493c1d7b0>, main=<bound method BuildVerb.main of <colcon_core.verb.build.BuildVerb object at 0x72e493c1d7b0>>, mixin_verb=('build',))
[0.140s] Level 1:colcon.colcon_core.package_discovery:discover_packages(colcon_meta) check parameters
[0.140s] Level 1:colcon.colcon_core.package_discovery:discover_packages(recursive) check parameters
[0.140s] Level 1:colcon.colcon_core.package_discovery:discover_packages(ignore) check parameters
[0.140s] Level 1:colcon.colcon_core.package_discovery:discover_packages(path) check parameters
[0.140s] Level 1:colcon.colcon_core.package_discovery:discover_packages(colcon_meta) discover
[0.140s] Level 1:colcon.colcon_core.package_discovery:discover_packages(recursive) discover
[0.140s] INFO:colcon.colcon_core.package_discovery:Crawling recursively for packages in '/home/starfire/ros2_ws'
[0.140s] Level 1:colcon.colcon_core.package_identification:_identify(.) by extensions ['ignore', 'ignore_ament_install']
[0.140s] Level 1:colcon.colcon_core.package_identification:_identify(.) by extension 'ignore'
[0.140s] Level 1:colcon.colcon_core.package_identification:_identify(.) by extension 'ignore_ament_install'
[0.141s] Level 1:colcon.colcon_core.package_identification:_identify(.) by extensions ['colcon_pkg']
[0.141s] Level 1:colcon.colcon_core.package_identification:_identify(.) by extension 'colcon_pkg'
[0.141s] Level 1:colcon.colcon_core.package_identification:_identify(.) by extensions ['colcon_meta']
[0.141s] Level 1:colcon.colcon_core.package_identification:_identify(.) by extension 'colcon_meta'
[0.141s] Level 1:colcon.colcon_core.package_identification:_identify(.) by extensions ['ros']
[0.141s] Level 1:colcon.colcon_core.package_identification:_identify(.) by extension 'ros'
[0.147s] Level 1:colcon.colcon_core.package_identification:_identify(.) by extensions ['cmake', 'python']
[0.147s] Level 1:colcon.colcon_core.package_identification:_identify(.) by extension 'cmake'
[0.147s] Level 1:colcon.colcon_core.package_identification:_identify(.) by extension 'python'
[0.147s] Level 1:colcon.colcon_core.package_identification:_identify(.) by extensions ['python_setup_py']
[0.147s] Level 1:colcon.colcon_core.package_identification:_identify(.) by extension 'python_setup_py'
[0.147s] Level 1:colcon.colcon_core.package_identification:_identify(build) by extensions ['ignore', 'ignore_ament_install']
[0.147s] Level 1:colcon.colcon_core.package_identification:_identify(build) by extension 'ignore'
[0.147s] Level 1:colcon.colcon_core.package_identification:_identify(build) ignored
[0.147s] Level 1:colcon.colcon_core.package_identification:_identify(install) by extensions ['ignore', 'ignore_ament_install']
[0.147s] Level 1:colcon.colcon_core.package_identification:_identify(install) by extension 'ignore'
[0.147s] Level 1:colcon.colcon_core.package_identification:_identify(install) ignored
[0.147s] Level 1:colcon.colcon_core.package_identification:_identify(log) by extensions ['ignore', 'ignore_ament_install']
[0.147s] Level 1:colcon.colcon_core.package_identification:_identify(log) by extension 'ignore'
[0.148s] Level 1:colcon.colcon_core.package_identification:_identify(log) ignored
[0.148s] Level 1:colcon.colcon_core.package_identification:_identify(maps) by extensions ['ignore', 'ignore_ament_install']
[0.148s] Level 1:colcon.colcon_core.package_identification:_identify(maps) by extension 'ignore'
[0.148s] Level 1:colcon.colcon_core.package_identification:_identify(maps) by extension 'ignore_ament_install'
[0.148s] Level 1:colcon.colcon_core.package_identification:_identify(maps) by extensions ['colcon_pkg']
[0.148s] Level 1:colcon.colcon_core.package_identification:_identify(maps) by extension 'colcon_pkg'
[0.148s] Level 1:colcon.colcon_core.package_identification:_identify(maps) by extensions ['colcon_meta']
[0.148s] Level 1:colcon.colcon_core.package_identification:_identify(maps) by extension 'colcon_meta'
[0.148s] Level 1:colcon.colcon_core.package_identification:_identify(maps) by extensions ['ros']
[0.148s] Level 1:colcon.colcon_core.package_identification:_identify(maps) by extension 'ros'
[0.148s] Level 1:colcon.colcon_core.package_identification:_identify(maps) by extensions ['cmake', 'python']
[0.148s] Level 1:colcon.colcon_core.package_identification:_identify(maps) by extension 'cmake'
[0.148s] Level 1:colcon.colcon_core.package_identification:_identify(maps) by extension 'python'
[0.148s] Level 1:colcon.colcon_core.package_identification:_identify(maps) by extensions ['python_setup_py']
[0.148s] Level 1:colcon.colcon_core.package_identification:_identify(maps) by extension 'python_setup_py'
[0.148s] Level 1:colcon.colcon_core.package_identification:_identify(src) by extensions ['ignore', 'ignore_ament_install']
[0.148s] Level 1:colcon.colcon_core.package_identification:_identify(src) by extension 'ignore'
[0.148s] Level 1:colcon.colcon_core.package_identification:_identify(src) by extension 'ignore_ament_install'
[0.148s] Level 1:colcon.colcon_core.package_identification:_identify(src) by extensions ['colcon_pkg']
[0.148s] Level 1:colcon.colcon_core.package_identification:_identify(src) by extension 'colcon_pkg'
[0.148s] Level 1:colcon.colcon_core.package_identification:_identify(src) by extensions ['colcon_meta']
[0.148s] Level 1:colcon.colcon_core.package_identification:_identify(src) by extension 'colcon_meta'
[0.148s] Level 1:colcon.colcon_core.package_identification:_identify(src) by extensions ['ros']
[0.148s] Level 1:colcon.colcon_core.package_identification:_identify(src) by extension 'ros'
[0.148s] Level 1:colcon.colcon_core.package_identification:_identify(src) by extensions ['cmake', 'python']
[0.148s] Level 1:colcon.colcon_core.package_identification:_identify(src) by extension 'cmake'
[0.148s] Level 1:colcon.colcon_core.package_identification:_identify(src) by extension 'python'
[0.148s] Level 1:colcon.colcon_core.package_identification:_identify(src) by extensions ['python_setup_py']
[0.148s] Level 1:colcon.colcon_core.package_identification:_identify(src) by extension 'python_setup_py'
[0.148s] Level 1:colcon.colcon_core.package_identification:_identify(src/home_pkg) by extensions ['ignore', 'ignore_ament_install']
[0.148s] Level 1:colcon.colcon_core.package_identification:_identify(src/home_pkg) by extension 'ignore'
[0.148s] Level 1:colcon.colcon_core.package_identification:_identify(src/home_pkg) by extension 'ignore_ament_install'
[0.148s] Level 1:colcon.colcon_core.package_identification:_identify(src/home_pkg) by extensions ['colcon_pkg']
[0.148s] Level 1:colcon.colcon_core.package_identification:_identify(src/home_pkg) by extension 'colcon_pkg'
[0.148s] Level 1:colcon.colcon_core.package_identification:_identify(src/home_pkg) by extensions ['colcon_meta']
[0.148s] Level 1:colcon.colcon_core.package_identification:_identify(src/home_pkg) by extension 'colcon_meta'
[0.148s] Level 1:colcon.colcon_core.package_identification:_identify(src/home_pkg) by extensions ['ros']
[0.148s] Level 1:colcon.colcon_core.package_identification:_identify(src/home_pkg) by extension 'ros'
[0.150s] DEBUG:colcon.colcon_core.package_identification:Package 'src/home_pkg' with type 'ros.ament_cmake' and name 'home_pkg'
[0.150s] Level 1:colcon.colcon_core.package_identification:_identify(src/wp_map_tools) by extensions ['ignore', 'ignore_ament_install']
[0.150s] Level 1:colcon.colcon_core.package_identification:_identify(src/wp_map_tools) by extension 'ignore'
[0.150s] Level 1:colcon.colcon_core.package_identification:_identify(src/wp_map_tools) by extension 'ignore_ament_install'
[0.150s] Level 1:colcon.colcon_core.package_identification:_identify(src/wp_map_tools) by extensions ['colcon_pkg']
[0.150s] Level 1:colcon.colcon_core.package_identification:_identify(src/wp_map_tools) by extension 'colcon_pkg'
[0.150s] Level 1:colcon.colcon_core.package_identification:_identify(src/wp_map_tools) by extensions ['colcon_meta']
[0.150s] Level 1:colcon.colcon_core.package_identification:_identify(src/wp_map_tools) by extension 'colcon_meta'
[0.150s] Level 1:colcon.colcon_core.package_identification:_identify(src/wp_map_tools) by extensions ['ros']
[0.150s] Level 1:colcon.colcon_core.package_identification:_identify(src/wp_map_tools) by extension 'ros'
[0.150s] DEBUG:colcon.colcon_core.package_identification:Package 'src/wp_map_tools' with type 'ros.ament_cmake' and name 'wp_map_tools'
[0.151s] Level 1:colcon.colcon_core.package_identification:_identify(src/wpr_simulation2) by extensions ['ignore', 'ignore_ament_install']
[0.151s] Level 1:colcon.colcon_core.package_identification:_identify(src/wpr_simulation2) by extension 'ignore'
[0.151s] Level 1:colcon.colcon_core.package_identification:_identify(src/wpr_simulation2) by extension 'ignore_ament_install'
[0.151s] Level 1:colcon.colcon_core.package_identification:_identify(src/wpr_simulation2) by extensions ['colcon_pkg']
[0.151s] Level 1:colcon.colcon_core.package_identification:_identify(src/wpr_simulation2) by extension 'colcon_pkg'
[0.151s] Level 1:colcon.colcon_core.package_identification:_identify(src/wpr_simulation2) by extensions ['colcon_meta']
[0.151s] Level 1:colcon.colcon_core.package_identification:_identify(src/wpr_simulation2) by extension 'colcon_meta'
[0.151s] Level 1:colcon.colcon_core.package_identification:_identify(src/wpr_simulation2) by extensions ['ros']
[0.151s] Level 1:colcon.colcon_core.package_identification:_identify(src/wpr_simulation2) by extension 'ros'
[0.151s] DEBUG:colcon.colcon_core.package_identification:Package 'src/wpr_simulation2' with type 'ros.ament_cmake' and name 'wpr_simulation2'
[0.151s] Level 1:colcon.colcon_core.package_discovery:discover_packages(recursive) using defaults
[0.152s] Level 1:colcon.colcon_core.package_discovery:discover_packages(ignore) discover
[0.152s] Level 1:colcon.colcon_core.package_discovery:discover_packages(ignore) using defaults
[0.152s] Level 1:colcon.colcon_core.package_discovery:discover_packages(path) discover
[0.152s] Level 1:colcon.colcon_core.package_discovery:discover_packages(path) using defaults
[0.169s] Level 1:colcon.colcon_core.package_discovery:discover_packages(prefix_path) check parameters
[0.169s] Level 1:colcon.colcon_core.package_discovery:discover_packages(prefix_path) discover
[0.171s] DEBUG:colcon.colcon_installed_package_information.package_discovery:Found 368 installed packages in /opt/ros/humble
[0.172s] Level 1:colcon.colcon_core.package_discovery:discover_packages(prefix_path) using defaults
[0.194s] Level 5:colcon.colcon_core.verb:set package 'home_pkg' build argument 'cmake_args' from command line to 'None'
[0.194s] Level 5:colcon.colcon_core.verb:set package 'home_pkg' build argument 'cmake_target' from command line to 'None'
[0.194s] Level 5:colcon.colcon_core.verb:set package 'home_pkg' build argument 'cmake_target_skip_unavailable' from command line to 'False'
[0.194s] Level 5:colcon.colcon_core.verb:set package 'home_pkg' build argument 'cmake_clean_cache' from command line to 'False'
[0.194s] Level 5:colcon.colcon_core.verb:set package 'home_pkg' build argument 'cmake_clean_first' from command line to 'False'
[0.194s] Level 5:colcon.colcon_core.verb:set package 'home_pkg' build argument 'cmake_force_configure' from command line to 'False'
[0.194s] Level 5:colcon.colcon_core.verb:set package 'home_pkg' build argument 'ament_cmake_args' from command line to 'None'
[0.194s] Level 5:colcon.colcon_core.verb:set package 'home_pkg' build argument 'catkin_cmake_args' from command line to 'None'
[0.194s] Level 5:colcon.colcon_core.verb:set package 'home_pkg' build argument 'catkin_skip_building_tests' from command line to 'False'
[0.194s] DEBUG:colcon.colcon_core.verb:Building package 'home_pkg' with the following arguments: {'ament_cmake_args': None, 'build_base': '/home/starfire/ros2_ws/build/home_pkg', 'catkin_cmake_args': None, 'catkin_skip_building_tests': False, 'cmake_args': None, 'cmake_clean_cache': False, 'cmake_clean_first': False, 'cmake_force_configure': False, 'cmake_target': None, 'cmake_target_skip_unavailable': False, 'install_base': '/home/starfire/ros2_ws/install/home_pkg', 'merge_install': False, 'path': '/home/starfire/ros2_ws/src/home_pkg', 'symlink_install': False, 'test_result_base': None}
[0.194s] Level 5:colcon.colcon_core.verb:set package 'wp_map_tools' build argument 'cmake_args' from command line to 'None'
[0.194s] Level 5:colcon.colcon_core.verb:set package 'wp_map_tools' build argument 'cmake_target' from command line to 'None'
[0.194s] Level 5:colcon.colcon_core.verb:set package 'wp_map_tools' build argument 'cmake_target_skip_unavailable' from command line to 'False'
[0.194s] Level 5:colcon.colcon_core.verb:set package 'wp_map_tools' build argument 'cmake_clean_cache' from command line to 'False'
[0.194s] Level 5:colcon.colcon_core.verb:set package 'wp_map_tools' build argument 'cmake_clean_first' from command line to 'False'
[0.195s] Level 5:colcon.colcon_core.verb:set package 'wp_map_tools' build argument 'cmake_force_configure' from command line to 'False'
[0.195s] Level 5:colcon.colcon_core.verb:set package 'wp_map_tools' build argument 'ament_cmake_args' from command line to 'None'
[0.195s] Level 5:colcon.colcon_core.verb:set package 'wp_map_tools' build argument 'catkin_cmake_args' from command line to 'None'
[0.195s] Level 5:colcon.colcon_core.verb:set package 'wp_map_tools' build argument 'catkin_skip_building_tests' from command line to 'False'
[0.195s] DEBUG:colcon.colcon_core.verb:Building package 'wp_map_tools' with the following arguments: {'ament_cmake_args': None, 'build_base': '/home/starfire/ros2_ws/build/wp_map_tools', 'catkin_cmake_args': None, 'catkin_skip_building_tests': False, 'cmake_args': None, 'cmake_clean_cache': False, 'cmake_clean_first': False, 'cmake_force_configure': False, 'cmake_target': None, 'cmake_target_skip_unavailable': False, 'install_base': '/home/starfire/ros2_ws/install/wp_map_tools', 'merge_install': False, 'path': '/home/starfire/ros2_ws/src/wp_map_tools', 'symlink_install': False, 'test_result_base': None}
[0.195s] Level 5:colcon.colcon_core.verb:set package 'wpr_simulation2' build argument 'cmake_args' from command line to 'None'
[0.195s] Level 5:colcon.colcon_core.verb:set package 'wpr_simulation2' build argument 'cmake_target' from command line to 'None'
[0.195s] Level 5:colcon.colcon_core.verb:set package 'wpr_simulation2' build argument 'cmake_target_skip_unavailable' from command line to 'False'
[0.195s] Level 5:colcon.colcon_core.verb:set package 'wpr_simulation2' build argument 'cmake_clean_cache' from command line to 'False'
[0.195s] Level 5:colcon.colcon_core.verb:set package 'wpr_simulation2' build argument 'cmake_clean_first' from command line to 'False'
[0.195s] Level 5:colcon.colcon_core.verb:set package 'wpr_simulation2' build argument 'cmake_force_configure' from command line to 'False'
[0.195s] Level 5:colcon.colcon_core.verb:set package 'wpr_simulation2' build argument 'ament_cmake_args' from command line to 'None'
[0.195s] Level 5:colcon.colcon_core.verb:set package 'wpr_simulation2' build argument 'catkin_cmake_args' from command line to 'None'
[0.195s] Level 5:colcon.colcon_core.verb:set package 'wpr_simulation2' build argument 'catkin_skip_building_tests' from command line to 'False'
[0.195s] DEBUG:colcon.colcon_core.verb:Building package 'wpr_simulation2' with the following arguments: {'ament_cmake_args': None, 'build_base': '/home/starfire/ros2_ws/build/wpr_simulation2', 'catkin_cmake_args': None, 'catkin_skip_building_tests': False, 'cmake_args': None, 'cmake_clean_cache': False, 'cmake_clean_first': False, 'cmake_force_configure': False, 'cmake_target': None, 'cmake_target_skip_unavailable': False, 'install_base': '/home/starfire/ros2_ws/install/wpr_simulation2', 'merge_install': False, 'path': '/home/starfire/ros2_ws/src/wpr_simulation2', 'symlink_install': False, 'test_result_base': None}
[0.195s] INFO:colcon.colcon_core.executor:Executing jobs using 'parallel' executor
[0.196s] DEBUG:colcon.colcon_parallel_executor.executor.parallel:run_until_complete
[0.196s] INFO:colcon.colcon_ros.task.ament_cmake.build:Building ROS package in '/home/starfire/ros2_ws/src/home_pkg' with build type 'ament_cmake'
[0.196s] INFO:colcon.colcon_cmake.task.cmake.build:Building CMake package in '/home/starfire/ros2_ws/src/home_pkg'
[0.197s] INFO:colcon.colcon_core.plugin_system:Skipping extension 'colcon_core.shell.bat': Not used on non-Windows systems
[0.197s] INFO:colcon.colcon_core.shell:Skip shell extension 'powershell' for command environment: Not usable outside of PowerShell
[0.197s] DEBUG:colcon.colcon_core.shell:Skip shell extension 'dsv' for command environment
[0.199s] INFO:colcon.colcon_ros.task.ament_cmake.build:Building ROS package in '/home/starfire/ros2_ws/src/wp_map_tools' with build type 'ament_cmake'
[0.199s] INFO:colcon.colcon_cmake.task.cmake.build:Building CMake package in '/home/starfire/ros2_ws/src/wp_map_tools'
[0.199s] INFO:colcon.colcon_core.shell:Skip shell extension 'powershell' for command environment: Not usable outside of PowerShell
[0.199s] DEBUG:colcon.colcon_core.shell:Skip shell extension 'dsv' for command environment
[0.201s] INFO:colcon.colcon_ros.task.ament_cmake.build:Building ROS package in '/home/starfire/ros2_ws/src/wpr_simulation2' with build type 'ament_cmake'
[0.201s] INFO:colcon.colcon_cmake.task.cmake.build:Building CMake package in '/home/starfire/ros2_ws/src/wpr_simulation2'
[0.201s] INFO:colcon.colcon_core.shell:Skip shell extension 'powershell' for command environment: Not usable outside of PowerShell
[0.201s] DEBUG:colcon.colcon_core.shell:Skip shell extension 'dsv' for command environment
[0.204s] DEBUG:colcon.colcon_core.event_handler.log_command:Invoking command in '/home/starfire/ros2_ws/build/home_pkg': CMAKE_PREFIX_PATH=/opt/ros/humble /usr/bin/cmake /home/starfire/ros2_ws/src/home_pkg -DCMAKE_INSTALL_PREFIX=/home/starfire/ros2_ws/install/home_pkg
[0.208s] DEBUG:colcon.colcon_core.event_handler.log_command:Invoking command in '/home/starfire/ros2_ws/build/wp_map_tools': CMAKE_PREFIX_PATH=/opt/ros/humble /usr/bin/cmake --build /home/starfire/ros2_ws/build/wp_map_tools -- -j16 -l16
[0.210s] DEBUG:colcon.colcon_core.event_handler.log_command:Invoking command in '/home/starfire/ros2_ws/build/wpr_simulation2': CMAKE_PREFIX_PATH=/opt/ros/humble /usr/bin/cmake --build /home/starfire/ros2_ws/build/wpr_simulation2 -- -j16 -l16
[0.495s] DEBUG:colcon.colcon_core.event_handler.log_command:Invoked command in '/home/starfire/ros2_ws/build/wpr_simulation2' returned '0': CMAKE_PREFIX_PATH=/opt/ros/humble /usr/bin/cmake --build /home/starfire/ros2_ws/build/wpr_simulation2 -- -j16 -l16
[0.501s] DEBUG:colcon.colcon_core.event_handler.log_command:Invoking command in '/home/starfire/ros2_ws/build/wpr_simulation2': CMAKE_PREFIX_PATH=/opt/ros/humble /usr/bin/cmake --install /home/starfire/ros2_ws/build/wpr_simulation2
[0.538s] Level 1:colcon.colcon_core.environment:create_environment_scripts_only(wpr_simulation2)
[0.546s] DEBUG:colcon.colcon_core.event_handler.log_command:Invoked command in '/home/starfire/ros2_ws/build/wpr_simulation2' returned '0': CMAKE_PREFIX_PATH=/opt/ros/humble /usr/bin/cmake --install /home/starfire/ros2_ws/build/wpr_simulation2
[0.547s] Level 1:colcon.colcon_core.environment:checking '/home/starfire/ros2_ws/install/wpr_simulation2' for CMake module files
[0.548s] Level 1:colcon.colcon_core.environment:checking '/home/starfire/ros2_ws/install/wpr_simulation2' for CMake config files
[0.548s] Level 1:colcon.colcon_core.shell:create_environment_hook('wpr_simulation2', 'cmake_prefix_path')
[0.549s] INFO:colcon.colcon_core.shell:Creating environment hook '/home/starfire/ros2_ws/install/wpr_simulation2/share/wpr_simulation2/hook/cmake_prefix_path.ps1'
[0.549s] INFO:colcon.colcon_core.shell:Creating environment descriptor '/home/starfire/ros2_ws/install/wpr_simulation2/share/wpr_simulation2/hook/cmake_prefix_path.dsv'
[0.550s] INFO:colcon.colcon_core.shell:Creating environment hook '/home/starfire/ros2_ws/install/wpr_simulation2/share/wpr_simulation2/hook/cmake_prefix_path.sh'
[0.550s] Level 1:colcon.colcon_core.environment:checking '/home/starfire/ros2_ws/install/wpr_simulation2/lib'
[0.551s] Level 1:colcon.colcon_core.shell:create_environment_hook('wpr_simulation2', 'ld_library_path_lib')
[0.551s] INFO:colcon.colcon_core.shell:Creating environment hook '/home/starfire/ros2_ws/install/wpr_simulation2/share/wpr_simulation2/hook/ld_library_path_lib.ps1'
[0.551s] INFO:colcon.colcon_core.shell:Creating environment descriptor '/home/starfire/ros2_ws/install/wpr_simulation2/share/wpr_simulation2/hook/ld_library_path_lib.dsv'
[0.551s] INFO:colcon.colcon_core.shell:Creating environment hook '/home/starfire/ros2_ws/install/wpr_simulation2/share/wpr_simulation2/hook/ld_library_path_lib.sh'
[0.552s] Level 1:colcon.colcon_core.environment:checking '/home/starfire/ros2_ws/install/wpr_simulation2/bin'
[0.552s] Level 1:colcon.colcon_core.environment:checking '/home/starfire/ros2_ws/install/wpr_simulation2/lib/pkgconfig/wpr_simulation2.pc'
[0.552s] Level 1:colcon.colcon_core.environment:checking '/home/starfire/ros2_ws/install/wpr_simulation2/lib/python3.10/site-packages'
[0.552s] Level 1:colcon.colcon_core.environment:checking '/home/starfire/ros2_ws/install/wpr_simulation2/bin'
[0.553s] INFO:colcon.colcon_core.shell:Creating package script '/home/starfire/ros2_ws/install/wpr_simulation2/share/wpr_simulation2/package.ps1'
[0.554s] INFO:colcon.colcon_core.shell:Creating package descriptor '/home/starfire/ros2_ws/install/wpr_simulation2/share/wpr_simulation2/package.dsv'
[0.554s] INFO:colcon.colcon_core.shell:Creating package script '/home/starfire/ros2_ws/install/wpr_simulation2/share/wpr_simulation2/package.sh'
[0.555s] INFO:colcon.colcon_core.shell:Creating package script '/home/starfire/ros2_ws/install/wpr_simulation2/share/wpr_simulation2/package.bash'
[0.556s] INFO:colcon.colcon_core.shell:Creating package script '/home/starfire/ros2_ws/install/wpr_simulation2/share/wpr_simulation2/package.zsh'
[0.556s] Level 1:colcon.colcon_core.environment:create_file_with_runtime_dependencies(/home/starfire/ros2_ws/install/wpr_simulation2/share/colcon-core/packages/wpr_simulation2)
[0.557s] Level 1:colcon.colcon_core.environment:create_environment_scripts_only(wpr_simulation2)
[0.557s] Level 1:colcon.colcon_core.environment:checking '/home/starfire/ros2_ws/install/wpr_simulation2' for CMake module files
[0.558s] Level 1:colcon.colcon_core.environment:checking '/home/starfire/ros2_ws/install/wpr_simulation2' for CMake config files
[0.558s] Level 1:colcon.colcon_core.shell:create_environment_hook('wpr_simulation2', 'cmake_prefix_path')
[0.558s] INFO:colcon.colcon_core.shell:Creating environment hook '/home/starfire/ros2_ws/install/wpr_simulation2/share/wpr_simulation2/hook/cmake_prefix_path.ps1'
[0.558s] INFO:colcon.colcon_core.shell:Creating environment descriptor '/home/starfire/ros2_ws/install/wpr_simulation2/share/wpr_simulation2/hook/cmake_prefix_path.dsv'
[0.558s] INFO:colcon.colcon_core.shell:Creating environment hook '/home/starfire/ros2_ws/install/wpr_simulation2/share/wpr_simulation2/hook/cmake_prefix_path.sh'
[0.559s] Level 1:colcon.colcon_core.environment:checking '/home/starfire/ros2_ws/install/wpr_simulation2/lib'
[0.559s] Level 1:colcon.colcon_core.shell:create_environment_hook('wpr_simulation2', 'ld_library_path_lib')
[0.559s] INFO:colcon.colcon_core.shell:Creating environment hook '/home/starfire/ros2_ws/install/wpr_simulation2/share/wpr_simulation2/hook/ld_library_path_lib.ps1'
[0.559s] INFO:colcon.colcon_core.shell:Creating environment descriptor '/home/starfire/ros2_ws/install/wpr_simulation2/share/wpr_simulation2/hook/ld_library_path_lib.dsv'
[0.559s] INFO:colcon.colcon_core.shell:Creating environment hook '/home/starfire/ros2_ws/install/wpr_simulation2/share/wpr_simulation2/hook/ld_library_path_lib.sh'
[0.559s] Level 1:colcon.colcon_core.environment:checking '/home/starfire/ros2_ws/install/wpr_simulation2/bin'
[0.559s] Level 1:colcon.colcon_core.environment:checking '/home/starfire/ros2_ws/install/wpr_simulation2/lib/pkgconfig/wpr_simulation2.pc'
[0.560s] Level 1:colcon.colcon_core.environment:checking '/home/starfire/ros2_ws/install/wpr_simulation2/lib/python3.10/site-packages'
[0.560s] Level 1:colcon.colcon_core.environment:checking '/home/starfire/ros2_ws/install/wpr_simulation2/bin'
[0.560s] INFO:colcon.colcon_core.shell:Creating package script '/home/starfire/ros2_ws/install/wpr_simulation2/share/wpr_simulation2/package.ps1'
[0.560s] INFO:colcon.colcon_core.shell:Creating package descriptor '/home/starfire/ros2_ws/install/wpr_simulation2/share/wpr_simulation2/package.dsv'
[0.560s] INFO:colcon.colcon_core.shell:Creating package script '/home/starfire/ros2_ws/install/wpr_simulation2/share/wpr_simulation2/package.sh'
[0.561s] INFO:colcon.colcon_core.shell:Creating package script '/home/starfire/ros2_ws/install/wpr_simulation2/share/wpr_simulation2/package.bash'
[0.561s] INFO:colcon.colcon_core.shell:Creating package script '/home/starfire/ros2_ws/install/wpr_simulation2/share/wpr_simulation2/package.zsh'
[0.561s] Level 1:colcon.colcon_core.environment:create_file_with_runtime_dependencies(/home/starfire/ros2_ws/install/wpr_simulation2/share/colcon-core/packages/wpr_simulation2)
[1.034s] DEBUG:colcon.colcon_core.event_handler.log_command:Invoked command in '/home/starfire/ros2_ws/build/home_pkg' returned '0': CMAKE_PREFIX_PATH=/opt/ros/humble /usr/bin/cmake /home/starfire/ros2_ws/src/home_pkg -DCMAKE_INSTALL_PREFIX=/home/starfire/ros2_ws/install/home_pkg
[1.036s] DEBUG:colcon.colcon_core.event_handler.log_command:Invoking command in '/home/starfire/ros2_ws/build/home_pkg': CMAKE_PREFIX_PATH=/opt/ros/humble /usr/bin/cmake --build /home/starfire/ros2_ws/build/home_pkg -- -j16 -l16
[3.831s] DEBUG:colcon.colcon_core.event_handler.log_command:Invoked command in '/home/starfire/ros2_ws/build/wp_map_tools' returned '0': CMAKE_PREFIX_PATH=/opt/ros/humble /usr/bin/cmake --build /home/starfire/ros2_ws/build/wp_map_tools -- -j16 -l16
[3.833s] DEBUG:colcon.colcon_core.event_handler.log_command:Invoking command in '/home/starfire/ros2_ws/build/wp_map_tools': CMAKE_PREFIX_PATH=/opt/ros/humble /usr/bin/cmake --install /home/starfire/ros2_ws/build/wp_map_tools
[3.864s] Level 1:colcon.colcon_core.environment:create_environment_scripts_only(wp_map_tools)
[3.864s] Level 1:colcon.colcon_core.environment:checking '/home/starfire/ros2_ws/install/wp_map_tools' for CMake module files
[3.865s] DEBUG:colcon.colcon_core.event_handler.log_command:Invoked command in '/home/starfire/ros2_ws/build/wp_map_tools' returned '0': CMAKE_PREFIX_PATH=/opt/ros/humble /usr/bin/cmake --install /home/starfire/ros2_ws/build/wp_map_tools
[3.865s] Level 1:colcon.colcon_core.environment:checking '/home/starfire/ros2_ws/install/wp_map_tools' for CMake config files
[3.866s] Level 1:colcon.colcon_core.shell:create_environment_hook('wp_map_tools', 'cmake_prefix_path')
[3.866s] INFO:colcon.colcon_core.shell:Creating environment hook '/home/starfire/ros2_ws/install/wp_map_tools/share/wp_map_tools/hook/cmake_prefix_path.ps1'
[3.866s] INFO:colcon.colcon_core.shell:Creating environment descriptor '/home/starfire/ros2_ws/install/wp_map_tools/share/wp_map_tools/hook/cmake_prefix_path.dsv'
[3.867s] INFO:colcon.colcon_core.shell:Creating environment hook '/home/starfire/ros2_ws/install/wp_map_tools/share/wp_map_tools/hook/cmake_prefix_path.sh'
[3.867s] Level 1:colcon.colcon_core.environment:checking '/home/starfire/ros2_ws/install/wp_map_tools/lib'
[3.867s] Level 1:colcon.colcon_core.shell:create_environment_hook('wp_map_tools', 'ld_library_path_lib')
[3.868s] INFO:colcon.colcon_core.shell:Creating environment hook '/home/starfire/ros2_ws/install/wp_map_tools/share/wp_map_tools/hook/ld_library_path_lib.ps1'
[3.868s] INFO:colcon.colcon_core.shell:Creating environment descriptor '/home/starfire/ros2_ws/install/wp_map_tools/share/wp_map_tools/hook/ld_library_path_lib.dsv'
[3.868s] INFO:colcon.colcon_core.shell:Creating environment hook '/home/starfire/ros2_ws/install/wp_map_tools/share/wp_map_tools/hook/ld_library_path_lib.sh'
[3.869s] Level 1:colcon.colcon_core.environment:checking '/home/starfire/ros2_ws/install/wp_map_tools/bin'
[3.869s] Level 1:colcon.colcon_core.environment:checking '/home/starfire/ros2_ws/install/wp_map_tools/lib/pkgconfig/wp_map_tools.pc'
[3.869s] Level 1:colcon.colcon_core.environment:checking '/home/starfire/ros2_ws/install/wp_map_tools/lib/python3.10/site-packages'
[3.869s] Level 1:colcon.colcon_core.environment:checking '/home/starfire/ros2_ws/install/wp_map_tools/bin'
[3.869s] INFO:colcon.colcon_core.shell:Creating package script '/home/starfire/ros2_ws/install/wp_map_tools/share/wp_map_tools/package.ps1'
[3.870s] INFO:colcon.colcon_core.shell:Creating package descriptor '/home/starfire/ros2_ws/install/wp_map_tools/share/wp_map_tools/package.dsv'
[3.870s] INFO:colcon.colcon_core.shell:Creating package script '/home/starfire/ros2_ws/install/wp_map_tools/share/wp_map_tools/package.sh'
[3.871s] INFO:colcon.colcon_core.shell:Creating package script '/home/starfire/ros2_ws/install/wp_map_tools/share/wp_map_tools/package.bash'
[3.871s] INFO:colcon.colcon_core.shell:Creating package script '/home/starfire/ros2_ws/install/wp_map_tools/share/wp_map_tools/package.zsh'
[3.871s] Level 1:colcon.colcon_core.environment:create_file_with_runtime_dependencies(/home/starfire/ros2_ws/install/wp_map_tools/share/colcon-core/packages/wp_map_tools)
[3.872s] Level 1:colcon.colcon_core.environment:create_environment_scripts_only(wp_map_tools)
[3.872s] Level 1:colcon.colcon_core.environment:checking '/home/starfire/ros2_ws/install/wp_map_tools' for CMake module files
[3.873s] Level 1:colcon.colcon_core.environment:checking '/home/starfire/ros2_ws/install/wp_map_tools' for CMake config files
[3.873s] Level 1:colcon.colcon_core.shell:create_environment_hook('wp_map_tools', 'cmake_prefix_path')
[3.873s] INFO:colcon.colcon_core.shell:Creating environment hook '/home/starfire/ros2_ws/install/wp_map_tools/share/wp_map_tools/hook/cmake_prefix_path.ps1'
[3.874s] INFO:colcon.colcon_core.shell:Creating environment descriptor '/home/starfire/ros2_ws/install/wp_map_tools/share/wp_map_tools/hook/cmake_prefix_path.dsv'
[3.874s] INFO:colcon.colcon_core.shell:Creating environment hook '/home/starfire/ros2_ws/install/wp_map_tools/share/wp_map_tools/hook/cmake_prefix_path.sh'
[3.875s] Level 1:colcon.colcon_core.environment:checking '/home/starfire/ros2_ws/install/wp_map_tools/lib'
[3.875s] Level 1:colcon.colcon_core.shell:create_environment_hook('wp_map_tools', 'ld_library_path_lib')
[3.875s] INFO:colcon.colcon_core.shell:Creating environment hook '/home/starfire/ros2_ws/install/wp_map_tools/share/wp_map_tools/hook/ld_library_path_lib.ps1'
[3.875s] INFO:colcon.colcon_core.shell:Creating environment descriptor '/home/starfire/ros2_ws/install/wp_map_tools/share/wp_map_tools/hook/ld_library_path_lib.dsv'
[3.875s] INFO:colcon.colcon_core.shell:Creating environment hook '/home/starfire/ros2_ws/install/wp_map_tools/share/wp_map_tools/hook/ld_library_path_lib.sh'
[3.876s] Level 1:colcon.colcon_core.environment:checking '/home/starfire/ros2_ws/install/wp_map_tools/bin'
[3.876s] Level 1:colcon.colcon_core.environment:checking '/home/starfire/ros2_ws/install/wp_map_tools/lib/pkgconfig/wp_map_tools.pc'
[3.876s] Level 1:colcon.colcon_core.environment:checking '/home/starfire/ros2_ws/install/wp_map_tools/lib/python3.10/site-packages'
[3.876s] Level 1:colcon.colcon_core.environment:checking '/home/starfire/ros2_ws/install/wp_map_tools/bin'
[3.877s] INFO:colcon.colcon_core.shell:Creating package script '/home/starfire/ros2_ws/install/wp_map_tools/share/wp_map_tools/package.ps1'
[3.877s] INFO:colcon.colcon_core.shell:Creating package descriptor '/home/starfire/ros2_ws/install/wp_map_tools/share/wp_map_tools/package.dsv'
[3.877s] INFO:colcon.colcon_core.shell:Creating package script '/home/starfire/ros2_ws/install/wp_map_tools/share/wp_map_tools/package.sh'
[3.878s] INFO:colcon.colcon_core.shell:Creating package script '/home/starfire/ros2_ws/install/wp_map_tools/share/wp_map_tools/package.bash'
[3.878s] INFO:colcon.colcon_core.shell:Creating package script '/home/starfire/ros2_ws/install/wp_map_tools/share/wp_map_tools/package.zsh'
[3.879s] Level 1:colcon.colcon_core.environment:create_file_with_runtime_dependencies(/home/starfire/ros2_ws/install/wp_map_tools/share/colcon-core/packages/wp_map_tools)
[6.156s] DEBUG:colcon.colcon_core.event_handler.log_command:Invoked command in '/home/starfire/ros2_ws/build/home_pkg' returned '0': CMAKE_PREFIX_PATH=/opt/ros/humble /usr/bin/cmake --build /home/starfire/ros2_ws/build/home_pkg -- -j16 -l16
[6.157s] DEBUG:colcon.colcon_core.event_handler.log_command:Invoking command in '/home/starfire/ros2_ws/build/home_pkg': CMAKE_PREFIX_PATH=/opt/ros/humble /usr/bin/cmake --install /home/starfire/ros2_ws/build/home_pkg
[6.165s] Level 1:colcon.colcon_core.environment:create_environment_scripts_only(home_pkg)
[6.165s] Level 1:colcon.colcon_core.environment:checking '/home/starfire/ros2_ws/install/home_pkg' for CMake module files
[6.165s] DEBUG:colcon.colcon_core.event_handler.log_command:Invoked command in '/home/starfire/ros2_ws/build/home_pkg' returned '0': CMAKE_PREFIX_PATH=/opt/ros/humble /usr/bin/cmake --install /home/starfire/ros2_ws/build/home_pkg
[6.166s] Level 1:colcon.colcon_core.environment:checking '/home/starfire/ros2_ws/install/home_pkg' for CMake config files
[6.166s] Level 1:colcon.colcon_core.shell:create_environment_hook('home_pkg', 'cmake_prefix_path')
[6.166s] INFO:colcon.colcon_core.shell:Creating environment hook '/home/starfire/ros2_ws/install/home_pkg/share/home_pkg/hook/cmake_prefix_path.ps1'
[6.167s] INFO:colcon.colcon_core.shell:Creating environment descriptor '/home/starfire/ros2_ws/install/home_pkg/share/home_pkg/hook/cmake_prefix_path.dsv'
[6.167s] INFO:colcon.colcon_core.shell:Creating environment hook '/home/starfire/ros2_ws/install/home_pkg/share/home_pkg/hook/cmake_prefix_path.sh'
[6.167s] Level 1:colcon.colcon_core.environment:checking '/home/starfire/ros2_ws/install/home_pkg/lib'
[6.167s] Level 1:colcon.colcon_core.environment:checking '/home/starfire/ros2_ws/install/home_pkg/bin'
[6.168s] Level 1:colcon.colcon_core.environment:checking '/home/starfire/ros2_ws/install/home_pkg/lib/pkgconfig/home_pkg.pc'
[6.168s] Level 1:colcon.colcon_core.environment:checking '/home/starfire/ros2_ws/install/home_pkg/lib/python3.10/site-packages'
[6.168s] Level 1:colcon.colcon_core.environment:checking '/home/starfire/ros2_ws/install/home_pkg/bin'
[6.168s] INFO:colcon.colcon_core.shell:Creating package script '/home/starfire/ros2_ws/install/home_pkg/share/home_pkg/package.ps1'
[6.169s] INFO:colcon.colcon_core.shell:Creating package descriptor '/home/starfire/ros2_ws/install/home_pkg/share/home_pkg/package.dsv'
[6.169s] INFO:colcon.colcon_core.shell:Creating package script '/home/starfire/ros2_ws/install/home_pkg/share/home_pkg/package.sh'
[6.169s] INFO:colcon.colcon_core.shell:Creating package script '/home/starfire/ros2_ws/install/home_pkg/share/home_pkg/package.bash'
[6.170s] INFO:colcon.colcon_core.shell:Creating package script '/home/starfire/ros2_ws/install/home_pkg/share/home_pkg/package.zsh'
[6.170s] Level 1:colcon.colcon_core.environment:create_file_with_runtime_dependencies(/home/starfire/ros2_ws/install/home_pkg/share/colcon-core/packages/home_pkg)
[6.170s] Level 1:colcon.colcon_core.environment:create_environment_scripts_only(home_pkg)
[6.171s] Level 1:colcon.colcon_core.environment:checking '/home/starfire/ros2_ws/install/home_pkg' for CMake module files
[6.171s] Level 1:colcon.colcon_core.environment:checking '/home/starfire/ros2_ws/install/home_pkg' for CMake config files
[6.171s] Level 1:colcon.colcon_core.shell:create_environment_hook('home_pkg', 'cmake_prefix_path')
[6.171s] INFO:colcon.colcon_core.shell:Creating environment hook '/home/starfire/ros2_ws/install/home_pkg/share/home_pkg/hook/cmake_prefix_path.ps1'
[6.172s] INFO:colcon.colcon_core.shell:Creating environment descriptor '/home/starfire/ros2_ws/install/home_pkg/share/home_pkg/hook/cmake_prefix_path.dsv'
[6.172s] INFO:colcon.colcon_core.shell:Creating environment hook '/home/starfire/ros2_ws/install/home_pkg/share/home_pkg/hook/cmake_prefix_path.sh'
[6.172s] Level 1:colcon.colcon_core.environment:checking '/home/starfire/ros2_ws/install/home_pkg/lib'
[6.172s] Level 1:colcon.colcon_core.environment:checking '/home/starfire/ros2_ws/install/home_pkg/bin'
[6.172s] Level 1:colcon.colcon_core.environment:checking '/home/starfire/ros2_ws/install/home_pkg/lib/pkgconfig/home_pkg.pc'
[6.172s] Level 1:colcon.colcon_core.environment:checking '/home/starfire/ros2_ws/install/home_pkg/lib/python3.10/site-packages'
[6.173s] Level 1:colcon.colcon_core.environment:checking '/home/starfire/ros2_ws/install/home_pkg/bin'
[6.173s] INFO:colcon.colcon_core.shell:Creating package script '/home/starfire/ros2_ws/install/home_pkg/share/home_pkg/package.ps1'
[6.173s] INFO:colcon.colcon_core.shell:Creating package descriptor '/home/starfire/ros2_ws/install/home_pkg/share/home_pkg/package.dsv'
[6.173s] INFO:colcon.colcon_core.shell:Creating package script '/home/starfire/ros2_ws/install/home_pkg/share/home_pkg/package.sh'
[6.173s] INFO:colcon.colcon_core.shell:Creating package script '/home/starfire/ros2_ws/install/home_pkg/share/home_pkg/package.bash'
[6.174s] INFO:colcon.colcon_core.shell:Creating package script '/home/starfire/ros2_ws/install/home_pkg/share/home_pkg/package.zsh'
[6.174s] Level 1:colcon.colcon_core.environment:create_file_with_runtime_dependencies(/home/starfire/ros2_ws/install/home_pkg/share/colcon-core/packages/home_pkg)
[6.174s] DEBUG:colcon.colcon_parallel_executor.executor.parallel:closing loop
[6.174s] DEBUG:colcon.colcon_parallel_executor.executor.parallel:loop closed
[6.174s] DEBUG:colcon.colcon_parallel_executor.executor.parallel:run_until_complete finished with '0'
[6.174s] DEBUG:colcon.colcon_core.event_reactor:joining thread
[6.177s] INFO:colcon.colcon_core.plugin_system:Skipping extension 'colcon_notification.desktop_notification.terminal_notifier': Not used on non-Darwin systems
[6.177s] INFO:colcon.colcon_core.plugin_system:Skipping extension 'colcon_notification.desktop_notification.win32': Not used on non-Windows systems
[6.177s] INFO:colcon.colcon_notification.desktop_notification:Sending desktop notification using 'notify2'
[6.184s] DEBUG:colcon.colcon_core.event_reactor:joined thread
[6.185s] INFO:colcon.colcon_core.shell:Creating prefix script '/home/starfire/ros2_ws/install/local_setup.ps1'
[6.185s] INFO:colcon.colcon_core.shell:Creating prefix util module '/home/starfire/ros2_ws/install/_local_setup_util_ps1.py'
[6.186s] INFO:colcon.colcon_core.shell:Creating prefix chain script '/home/starfire/ros2_ws/install/setup.ps1'
[6.187s] INFO:colcon.colcon_core.shell:Creating prefix script '/home/starfire/ros2_ws/install/local_setup.sh'
[6.187s] INFO:colcon.colcon_core.shell:Creating prefix util module '/home/starfire/ros2_ws/install/_local_setup_util_sh.py'
[6.187s] INFO:colcon.colcon_core.shell:Creating prefix chain script '/home/starfire/ros2_ws/install/setup.sh'
[6.188s] INFO:colcon.colcon_core.shell:Creating prefix script '/home/starfire/ros2_ws/install/local_setup.bash'
[6.188s] INFO:colcon.colcon_core.shell:Creating prefix chain script '/home/starfire/ros2_ws/install/setup.bash'
[6.189s] INFO:colcon.colcon_core.shell:Creating prefix script '/home/starfire/ros2_ws/install/local_setup.zsh'
[6.189s] INFO:colcon.colcon_core.shell:Creating prefix chain script '/home/starfire/ros2_ws/install/setup.zsh'
