[0.054s] DEBUG:colcon:Command line arguments: ['/usr/bin/colcon', 'build']
[0.054s] DEBUG:colcon:Parsed command line arguments: Namespace(log_base=None, log_level=None, verb_name='build', build_base='build', install_base='install', merge_install=False, symlink_install=False, test_result_base=None, continue_on_error=False, executor='parallel', parallel_workers=16, event_handlers=None, ignore_user_meta=False, metas=['./colcon.meta'], base_paths=['.'], packages_ignore=None, packages_ignore_regex=None, paths=None, packages_up_to=None, packages_up_to_regex=None, packages_above=None, packages_above_and_dependencies=None, packages_above_depth=None, packages_select_by_dep=None, packages_skip_by_dep=None, packages_skip_up_to=None, packages_select_build_failed=False, packages_skip_build_finished=False, packages_select_test_failures=False, packages_skip_test_passed=False, packages_select=None, packages_skip=None, packages_select_regex=None, packages_skip_regex=None, packages_start=None, packages_end=None, allow_overriding=[], cmake_args=None, cmake_target=None, cmake_target_skip_unavailable=False, cmake_clean_cache=False, cmake_clean_first=False, cmake_force_configure=False, ament_cmake_args=None, catkin_cmake_args=None, catkin_skip_building_tests=False, mixin_files=None, mixin=None, verb_parser=<colcon_mixin.mixin.mixin_argument.MixinArgumentDecorator object at 0x709bfc95dc90>, verb_extension=<colcon_core.verb.build.BuildVerb object at 0x709bfc95d600>, main=<bound method BuildVerb.main of <colcon_core.verb.build.BuildVerb object at 0x709bfc95d600>>, mixin_verb=('build',))
[0.132s] Level 1:colcon.colcon_core.package_discovery:discover_packages(colcon_meta) check parameters
[0.132s] Level 1:colcon.colcon_core.package_discovery:discover_packages(recursive) check parameters
[0.132s] Level 1:colcon.colcon_core.package_discovery:discover_packages(ignore) check parameters
[0.132s] Level 1:colcon.colcon_core.package_discovery:discover_packages(path) check parameters
[0.132s] Level 1:colcon.colcon_core.package_discovery:discover_packages(colcon_meta) discover
[0.132s] Level 1:colcon.colcon_core.package_discovery:discover_packages(recursive) discover
[0.132s] INFO:colcon.colcon_core.package_discovery:Crawling recursively for packages in '/home/starfire/ros2_ws'
[0.132s] Level 1:colcon.colcon_core.package_identification:_identify(.) by extensions ['ignore', 'ignore_ament_install']
[0.132s] Level 1:colcon.colcon_core.package_identification:_identify(.) by extension 'ignore'
[0.132s] Level 1:colcon.colcon_core.package_identification:_identify(.) by extension 'ignore_ament_install'
[0.132s] Level 1:colcon.colcon_core.package_identification:_identify(.) by extensions ['colcon_pkg']
[0.132s] Level 1:colcon.colcon_core.package_identification:_identify(.) by extension 'colcon_pkg'
[0.132s] Level 1:colcon.colcon_core.package_identification:_identify(.) by extensions ['colcon_meta']
[0.132s] Level 1:colcon.colcon_core.package_identification:_identify(.) by extension 'colcon_meta'
[0.132s] Level 1:colcon.colcon_core.package_identification:_identify(.) by extensions ['ros']
[0.132s] Level 1:colcon.colcon_core.package_identification:_identify(.) by extension 'ros'
[0.138s] Level 1:colcon.colcon_core.package_identification:_identify(.) by extensions ['cmake', 'python']
[0.138s] Level 1:colcon.colcon_core.package_identification:_identify(.) by extension 'cmake'
[0.138s] Level 1:colcon.colcon_core.package_identification:_identify(.) by extension 'python'
[0.138s] Level 1:colcon.colcon_core.package_identification:_identify(.) by extensions ['python_setup_py']
[0.138s] Level 1:colcon.colcon_core.package_identification:_identify(.) by extension 'python_setup_py'
[0.138s] Level 1:colcon.colcon_core.package_identification:_identify(build) by extensions ['ignore', 'ignore_ament_install']
[0.138s] Level 1:colcon.colcon_core.package_identification:_identify(build) by extension 'ignore'
[0.138s] Level 1:colcon.colcon_core.package_identification:_identify(build) ignored
[0.138s] Level 1:colcon.colcon_core.package_identification:_identify(install) by extensions ['ignore', 'ignore_ament_install']
[0.138s] Level 1:colcon.colcon_core.package_identification:_identify(install) by extension 'ignore'
[0.138s] Level 1:colcon.colcon_core.package_identification:_identify(install) ignored
[0.138s] Level 1:colcon.colcon_core.package_identification:_identify(log) by extensions ['ignore', 'ignore_ament_install']
[0.138s] Level 1:colcon.colcon_core.package_identification:_identify(log) by extension 'ignore'
[0.138s] Level 1:colcon.colcon_core.package_identification:_identify(log) ignored
[0.138s] Level 1:colcon.colcon_core.package_identification:_identify(maps) by extensions ['ignore', 'ignore_ament_install']
[0.138s] Level 1:colcon.colcon_core.package_identification:_identify(maps) by extension 'ignore'
[0.138s] Level 1:colcon.colcon_core.package_identification:_identify(maps) by extension 'ignore_ament_install'
[0.138s] Level 1:colcon.colcon_core.package_identification:_identify(maps) by extensions ['colcon_pkg']
[0.138s] Level 1:colcon.colcon_core.package_identification:_identify(maps) by extension 'colcon_pkg'
[0.138s] Level 1:colcon.colcon_core.package_identification:_identify(maps) by extensions ['colcon_meta']
[0.138s] Level 1:colcon.colcon_core.package_identification:_identify(maps) by extension 'colcon_meta'
[0.138s] Level 1:colcon.colcon_core.package_identification:_identify(maps) by extensions ['ros']
[0.138s] Level 1:colcon.colcon_core.package_identification:_identify(maps) by extension 'ros'
[0.138s] Level 1:colcon.colcon_core.package_identification:_identify(maps) by extensions ['cmake', 'python']
[0.138s] Level 1:colcon.colcon_core.package_identification:_identify(maps) by extension 'cmake'
[0.138s] Level 1:colcon.colcon_core.package_identification:_identify(maps) by extension 'python'
[0.138s] Level 1:colcon.colcon_core.package_identification:_identify(maps) by extensions ['python_setup_py']
[0.138s] Level 1:colcon.colcon_core.package_identification:_identify(maps) by extension 'python_setup_py'
[0.138s] Level 1:colcon.colcon_core.package_identification:_identify(src) by extensions ['ignore', 'ignore_ament_install']
[0.138s] Level 1:colcon.colcon_core.package_identification:_identify(src) by extension 'ignore'
[0.138s] Level 1:colcon.colcon_core.package_identification:_identify(src) by extension 'ignore_ament_install'
[0.138s] Level 1:colcon.colcon_core.package_identification:_identify(src) by extensions ['colcon_pkg']
[0.138s] Level 1:colcon.colcon_core.package_identification:_identify(src) by extension 'colcon_pkg'
[0.138s] Level 1:colcon.colcon_core.package_identification:_identify(src) by extensions ['colcon_meta']
[0.138s] Level 1:colcon.colcon_core.package_identification:_identify(src) by extension 'colcon_meta'
[0.138s] Level 1:colcon.colcon_core.package_identification:_identify(src) by extensions ['ros']
[0.138s] Level 1:colcon.colcon_core.package_identification:_identify(src) by extension 'ros'
[0.138s] Level 1:colcon.colcon_core.package_identification:_identify(src) by extensions ['cmake', 'python']
[0.138s] Level 1:colcon.colcon_core.package_identification:_identify(src) by extension 'cmake'
[0.138s] Level 1:colcon.colcon_core.package_identification:_identify(src) by extension 'python'
[0.138s] Level 1:colcon.colcon_core.package_identification:_identify(src) by extensions ['python_setup_py']
[0.138s] Level 1:colcon.colcon_core.package_identification:_identify(src) by extension 'python_setup_py'
[0.139s] Level 1:colcon.colcon_core.package_identification:_identify(src/wp_map_tools) by extensions ['ignore', 'ignore_ament_install']
[0.139s] Level 1:colcon.colcon_core.package_identification:_identify(src/wp_map_tools) by extension 'ignore'
[0.139s] Level 1:colcon.colcon_core.package_identification:_identify(src/wp_map_tools) by extension 'ignore_ament_install'
[0.139s] Level 1:colcon.colcon_core.package_identification:_identify(src/wp_map_tools) by extensions ['colcon_pkg']
[0.139s] Level 1:colcon.colcon_core.package_identification:_identify(src/wp_map_tools) by extension 'colcon_pkg'
[0.139s] Level 1:colcon.colcon_core.package_identification:_identify(src/wp_map_tools) by extensions ['colcon_meta']
[0.139s] Level 1:colcon.colcon_core.package_identification:_identify(src/wp_map_tools) by extension 'colcon_meta'
[0.139s] Level 1:colcon.colcon_core.package_identification:_identify(src/wp_map_tools) by extensions ['ros']
[0.139s] Level 1:colcon.colcon_core.package_identification:_identify(src/wp_map_tools) by extension 'ros'
[0.140s] DEBUG:colcon.colcon_core.package_identification:Package 'src/wp_map_tools' with type 'ros.ament_cmake' and name 'wp_map_tools'
[0.140s] Level 1:colcon.colcon_core.package_identification:_identify(src/wpr_simulation2) by extensions ['ignore', 'ignore_ament_install']
[0.140s] Level 1:colcon.colcon_core.package_identification:_identify(src/wpr_simulation2) by extension 'ignore'
[0.140s] Level 1:colcon.colcon_core.package_identification:_identify(src/wpr_simulation2) by extension 'ignore_ament_install'
[0.140s] Level 1:colcon.colcon_core.package_identification:_identify(src/wpr_simulation2) by extensions ['colcon_pkg']
[0.140s] Level 1:colcon.colcon_core.package_identification:_identify(src/wpr_simulation2) by extension 'colcon_pkg'
[0.140s] Level 1:colcon.colcon_core.package_identification:_identify(src/wpr_simulation2) by extensions ['colcon_meta']
[0.140s] Level 1:colcon.colcon_core.package_identification:_identify(src/wpr_simulation2) by extension 'colcon_meta'
[0.140s] Level 1:colcon.colcon_core.package_identification:_identify(src/wpr_simulation2) by extensions ['ros']
[0.140s] Level 1:colcon.colcon_core.package_identification:_identify(src/wpr_simulation2) by extension 'ros'
[0.141s] DEBUG:colcon.colcon_core.package_identification:Package 'src/wpr_simulation2' with type 'ros.ament_cmake' and name 'wpr_simulation2'
[0.141s] Level 1:colcon.colcon_core.package_discovery:discover_packages(recursive) using defaults
[0.141s] Level 1:colcon.colcon_core.package_discovery:discover_packages(ignore) discover
[0.141s] Level 1:colcon.colcon_core.package_discovery:discover_packages(ignore) using defaults
[0.141s] Level 1:colcon.colcon_core.package_discovery:discover_packages(path) discover
[0.141s] Level 1:colcon.colcon_core.package_discovery:discover_packages(path) using defaults
[0.156s] Level 1:colcon.colcon_core.package_discovery:discover_packages(prefix_path) check parameters
[0.156s] Level 1:colcon.colcon_core.package_discovery:discover_packages(prefix_path) discover
[0.158s] DEBUG:colcon.colcon_installed_package_information.package_discovery:Found 368 installed packages in /opt/ros/humble
[0.158s] Level 1:colcon.colcon_core.package_discovery:discover_packages(prefix_path) using defaults
[0.179s] Level 5:colcon.colcon_core.verb:set package 'wp_map_tools' build argument 'cmake_args' from command line to 'None'
[0.179s] Level 5:colcon.colcon_core.verb:set package 'wp_map_tools' build argument 'cmake_target' from command line to 'None'
[0.179s] Level 5:colcon.colcon_core.verb:set package 'wp_map_tools' build argument 'cmake_target_skip_unavailable' from command line to 'False'
[0.179s] Level 5:colcon.colcon_core.verb:set package 'wp_map_tools' build argument 'cmake_clean_cache' from command line to 'False'
[0.179s] Level 5:colcon.colcon_core.verb:set package 'wp_map_tools' build argument 'cmake_clean_first' from command line to 'False'
[0.179s] Level 5:colcon.colcon_core.verb:set package 'wp_map_tools' build argument 'cmake_force_configure' from command line to 'False'
[0.179s] Level 5:colcon.colcon_core.verb:set package 'wp_map_tools' build argument 'ament_cmake_args' from command line to 'None'
[0.179s] Level 5:colcon.colcon_core.verb:set package 'wp_map_tools' build argument 'catkin_cmake_args' from command line to 'None'
[0.179s] Level 5:colcon.colcon_core.verb:set package 'wp_map_tools' build argument 'catkin_skip_building_tests' from command line to 'False'
[0.179s] DEBUG:colcon.colcon_core.verb:Building package 'wp_map_tools' with the following arguments: {'ament_cmake_args': None, 'build_base': '/home/starfire/ros2_ws/build/wp_map_tools', 'catkin_cmake_args': None, 'catkin_skip_building_tests': False, 'cmake_args': None, 'cmake_clean_cache': False, 'cmake_clean_first': False, 'cmake_force_configure': False, 'cmake_target': None, 'cmake_target_skip_unavailable': False, 'install_base': '/home/starfire/ros2_ws/install/wp_map_tools', 'merge_install': False, 'path': '/home/starfire/ros2_ws/src/wp_map_tools', 'symlink_install': False, 'test_result_base': None}
[0.180s] Level 5:colcon.colcon_core.verb:set package 'wpr_simulation2' build argument 'cmake_args' from command line to 'None'
[0.180s] Level 5:colcon.colcon_core.verb:set package 'wpr_simulation2' build argument 'cmake_target' from command line to 'None'
[0.180s] Level 5:colcon.colcon_core.verb:set package 'wpr_simulation2' build argument 'cmake_target_skip_unavailable' from command line to 'False'
[0.180s] Level 5:colcon.colcon_core.verb:set package 'wpr_simulation2' build argument 'cmake_clean_cache' from command line to 'False'
[0.180s] Level 5:colcon.colcon_core.verb:set package 'wpr_simulation2' build argument 'cmake_clean_first' from command line to 'False'
[0.180s] Level 5:colcon.colcon_core.verb:set package 'wpr_simulation2' build argument 'cmake_force_configure' from command line to 'False'
[0.180s] Level 5:colcon.colcon_core.verb:set package 'wpr_simulation2' build argument 'ament_cmake_args' from command line to 'None'
[0.180s] Level 5:colcon.colcon_core.verb:set package 'wpr_simulation2' build argument 'catkin_cmake_args' from command line to 'None'
[0.180s] Level 5:colcon.colcon_core.verb:set package 'wpr_simulation2' build argument 'catkin_skip_building_tests' from command line to 'False'
[0.180s] DEBUG:colcon.colcon_core.verb:Building package 'wpr_simulation2' with the following arguments: {'ament_cmake_args': None, 'build_base': '/home/starfire/ros2_ws/build/wpr_simulation2', 'catkin_cmake_args': None, 'catkin_skip_building_tests': False, 'cmake_args': None, 'cmake_clean_cache': False, 'cmake_clean_first': False, 'cmake_force_configure': False, 'cmake_target': None, 'cmake_target_skip_unavailable': False, 'install_base': '/home/starfire/ros2_ws/install/wpr_simulation2', 'merge_install': False, 'path': '/home/starfire/ros2_ws/src/wpr_simulation2', 'symlink_install': False, 'test_result_base': None}
[0.180s] INFO:colcon.colcon_core.executor:Executing jobs using 'parallel' executor
[0.181s] DEBUG:colcon.colcon_parallel_executor.executor.parallel:run_until_complete
[0.181s] INFO:colcon.colcon_ros.task.ament_cmake.build:Building ROS package in '/home/starfire/ros2_ws/src/wp_map_tools' with build type 'ament_cmake'
[0.181s] INFO:colcon.colcon_cmake.task.cmake.build:Building CMake package in '/home/starfire/ros2_ws/src/wp_map_tools'
[0.182s] INFO:colcon.colcon_core.plugin_system:Skipping extension 'colcon_core.shell.bat': Not used on non-Windows systems
[0.182s] INFO:colcon.colcon_core.shell:Skip shell extension 'powershell' for command environment: Not usable outside of PowerShell
[0.182s] DEBUG:colcon.colcon_core.shell:Skip shell extension 'dsv' for command environment
[0.184s] INFO:colcon.colcon_ros.task.ament_cmake.build:Building ROS package in '/home/starfire/ros2_ws/src/wpr_simulation2' with build type 'ament_cmake'
[0.184s] INFO:colcon.colcon_cmake.task.cmake.build:Building CMake package in '/home/starfire/ros2_ws/src/wpr_simulation2'
[0.184s] INFO:colcon.colcon_core.shell:Skip shell extension 'powershell' for command environment: Not usable outside of PowerShell
[0.184s] DEBUG:colcon.colcon_core.shell:Skip shell extension 'dsv' for command environment
[0.188s] DEBUG:colcon.colcon_core.event_handler.log_command:Invoking command in '/home/starfire/ros2_ws/build/wp_map_tools': CMAKE_PREFIX_PATH=/opt/ros/humble /usr/bin/cmake --build /home/starfire/ros2_ws/build/wp_map_tools -- -j16 -l16
[0.190s] DEBUG:colcon.colcon_core.event_handler.log_command:Invoking command in '/home/starfire/ros2_ws/build/wpr_simulation2': CMAKE_PREFIX_PATH=/opt/ros/humble /usr/bin/cmake --build /home/starfire/ros2_ws/build/wpr_simulation2 -- -j16 -l16
[0.431s] DEBUG:colcon.colcon_core.event_handler.log_command:Invoked command in '/home/starfire/ros2_ws/build/wpr_simulation2' returned '0': CMAKE_PREFIX_PATH=/opt/ros/humble /usr/bin/cmake --build /home/starfire/ros2_ws/build/wpr_simulation2 -- -j16 -l16
[0.438s] DEBUG:colcon.colcon_core.event_handler.log_command:Invoking command in '/home/starfire/ros2_ws/build/wpr_simulation2': CMAKE_PREFIX_PATH=/opt/ros/humble /usr/bin/cmake --install /home/starfire/ros2_ws/build/wpr_simulation2
[0.439s] DEBUG:colcon.colcon_core.event_handler.log_command:Invoked command in '/home/starfire/ros2_ws/build/wp_map_tools' returned '0': CMAKE_PREFIX_PATH=/opt/ros/humble /usr/bin/cmake --build /home/starfire/ros2_ws/build/wp_map_tools -- -j16 -l16
[0.439s] DEBUG:colcon.colcon_core.event_handler.log_command:Invoking command in '/home/starfire/ros2_ws/build/wp_map_tools': CMAKE_PREFIX_PATH=/opt/ros/humble /usr/bin/cmake --install /home/starfire/ros2_ws/build/wp_map_tools
[0.483s] Level 1:colcon.colcon_core.environment:create_environment_scripts_only(wp_map_tools)
[0.484s] DEBUG:colcon.colcon_core.event_handler.log_command:Invoked command in '/home/starfire/ros2_ws/build/wp_map_tools' returned '0': CMAKE_PREFIX_PATH=/opt/ros/humble /usr/bin/cmake --install /home/starfire/ros2_ws/build/wp_map_tools
[0.486s] Level 1:colcon.colcon_core.environment:checking '/home/starfire/ros2_ws/install/wp_map_tools' for CMake module files
[0.486s] Level 1:colcon.colcon_core.environment:checking '/home/starfire/ros2_ws/install/wp_map_tools' for CMake config files
[0.487s] Level 1:colcon.colcon_core.shell:create_environment_hook('wp_map_tools', 'cmake_prefix_path')
[0.487s] INFO:colcon.colcon_core.shell:Creating environment hook '/home/starfire/ros2_ws/install/wp_map_tools/share/wp_map_tools/hook/cmake_prefix_path.ps1'
[0.488s] INFO:colcon.colcon_core.shell:Creating environment descriptor '/home/starfire/ros2_ws/install/wp_map_tools/share/wp_map_tools/hook/cmake_prefix_path.dsv'
[0.488s] INFO:colcon.colcon_core.shell:Creating environment hook '/home/starfire/ros2_ws/install/wp_map_tools/share/wp_map_tools/hook/cmake_prefix_path.sh'
[0.489s] Level 1:colcon.colcon_core.environment:checking '/home/starfire/ros2_ws/install/wp_map_tools/lib'
[0.489s] Level 1:colcon.colcon_core.shell:create_environment_hook('wp_map_tools', 'ld_library_path_lib')
[0.489s] INFO:colcon.colcon_core.shell:Creating environment hook '/home/starfire/ros2_ws/install/wp_map_tools/share/wp_map_tools/hook/ld_library_path_lib.ps1'
[0.489s] INFO:colcon.colcon_core.shell:Creating environment descriptor '/home/starfire/ros2_ws/install/wp_map_tools/share/wp_map_tools/hook/ld_library_path_lib.dsv'
[0.490s] INFO:colcon.colcon_core.shell:Creating environment hook '/home/starfire/ros2_ws/install/wp_map_tools/share/wp_map_tools/hook/ld_library_path_lib.sh'
[0.490s] Level 1:colcon.colcon_core.environment:checking '/home/starfire/ros2_ws/install/wp_map_tools/bin'
[0.490s] Level 1:colcon.colcon_core.environment:checking '/home/starfire/ros2_ws/install/wp_map_tools/lib/pkgconfig/wp_map_tools.pc'
[0.490s] Level 1:colcon.colcon_core.environment:checking '/home/starfire/ros2_ws/install/wp_map_tools/lib/python3.10/site-packages'
[0.491s] Level 1:colcon.colcon_core.environment:checking '/home/starfire/ros2_ws/install/wp_map_tools/bin'
[0.491s] INFO:colcon.colcon_core.shell:Creating package script '/home/starfire/ros2_ws/install/wp_map_tools/share/wp_map_tools/package.ps1'
[0.491s] INFO:colcon.colcon_core.shell:Creating package descriptor '/home/starfire/ros2_ws/install/wp_map_tools/share/wp_map_tools/package.dsv'
[0.492s] INFO:colcon.colcon_core.shell:Creating package script '/home/starfire/ros2_ws/install/wp_map_tools/share/wp_map_tools/package.sh'
[0.492s] INFO:colcon.colcon_core.shell:Creating package script '/home/starfire/ros2_ws/install/wp_map_tools/share/wp_map_tools/package.bash'
[0.492s] INFO:colcon.colcon_core.shell:Creating package script '/home/starfire/ros2_ws/install/wp_map_tools/share/wp_map_tools/package.zsh'
[0.493s] Level 1:colcon.colcon_core.environment:create_file_with_runtime_dependencies(/home/starfire/ros2_ws/install/wp_map_tools/share/colcon-core/packages/wp_map_tools)
[0.493s] Level 1:colcon.colcon_core.environment:create_environment_scripts_only(wp_map_tools)
[0.493s] Level 1:colcon.colcon_core.environment:checking '/home/starfire/ros2_ws/install/wp_map_tools' for CMake module files
[0.493s] Level 1:colcon.colcon_core.environment:checking '/home/starfire/ros2_ws/install/wp_map_tools' for CMake config files
[0.494s] Level 1:colcon.colcon_core.shell:create_environment_hook('wp_map_tools', 'cmake_prefix_path')
[0.494s] INFO:colcon.colcon_core.shell:Creating environment hook '/home/starfire/ros2_ws/install/wp_map_tools/share/wp_map_tools/hook/cmake_prefix_path.ps1'
[0.494s] INFO:colcon.colcon_core.shell:Creating environment descriptor '/home/starfire/ros2_ws/install/wp_map_tools/share/wp_map_tools/hook/cmake_prefix_path.dsv'
[0.494s] INFO:colcon.colcon_core.shell:Creating environment hook '/home/starfire/ros2_ws/install/wp_map_tools/share/wp_map_tools/hook/cmake_prefix_path.sh'
[0.494s] Level 1:colcon.colcon_core.environment:checking '/home/starfire/ros2_ws/install/wp_map_tools/lib'
[0.494s] Level 1:colcon.colcon_core.shell:create_environment_hook('wp_map_tools', 'ld_library_path_lib')
[0.495s] INFO:colcon.colcon_core.shell:Creating environment hook '/home/starfire/ros2_ws/install/wp_map_tools/share/wp_map_tools/hook/ld_library_path_lib.ps1'
[0.495s] INFO:colcon.colcon_core.shell:Creating environment descriptor '/home/starfire/ros2_ws/install/wp_map_tools/share/wp_map_tools/hook/ld_library_path_lib.dsv'
[0.495s] INFO:colcon.colcon_core.shell:Creating environment hook '/home/starfire/ros2_ws/install/wp_map_tools/share/wp_map_tools/hook/ld_library_path_lib.sh'
[0.495s] Level 1:colcon.colcon_core.environment:checking '/home/starfire/ros2_ws/install/wp_map_tools/bin'
[0.495s] Level 1:colcon.colcon_core.environment:checking '/home/starfire/ros2_ws/install/wp_map_tools/lib/pkgconfig/wp_map_tools.pc'
[0.495s] Level 1:colcon.colcon_core.environment:checking '/home/starfire/ros2_ws/install/wp_map_tools/lib/python3.10/site-packages'
[0.495s] Level 1:colcon.colcon_core.environment:checking '/home/starfire/ros2_ws/install/wp_map_tools/bin'
[0.496s] INFO:colcon.colcon_core.shell:Creating package script '/home/starfire/ros2_ws/install/wp_map_tools/share/wp_map_tools/package.ps1'
[0.496s] INFO:colcon.colcon_core.shell:Creating package descriptor '/home/starfire/ros2_ws/install/wp_map_tools/share/wp_map_tools/package.dsv'
[0.496s] INFO:colcon.colcon_core.shell:Creating package script '/home/starfire/ros2_ws/install/wp_map_tools/share/wp_map_tools/package.sh'
[0.496s] INFO:colcon.colcon_core.shell:Creating package script '/home/starfire/ros2_ws/install/wp_map_tools/share/wp_map_tools/package.bash'
[0.497s] INFO:colcon.colcon_core.shell:Creating package script '/home/starfire/ros2_ws/install/wp_map_tools/share/wp_map_tools/package.zsh'
[0.497s] Level 1:colcon.colcon_core.environment:create_file_with_runtime_dependencies(/home/starfire/ros2_ws/install/wp_map_tools/share/colcon-core/packages/wp_map_tools)
[0.516s] Level 1:colcon.colcon_core.environment:create_environment_scripts_only(wpr_simulation2)
[0.516s] DEBUG:colcon.colcon_core.event_handler.log_command:Invoked command in '/home/starfire/ros2_ws/build/wpr_simulation2' returned '0': CMAKE_PREFIX_PATH=/opt/ros/humble /usr/bin/cmake --install /home/starfire/ros2_ws/build/wpr_simulation2
[0.517s] Level 1:colcon.colcon_core.environment:checking '/home/starfire/ros2_ws/install/wpr_simulation2' for CMake module files
[0.517s] Level 1:colcon.colcon_core.environment:checking '/home/starfire/ros2_ws/install/wpr_simulation2' for CMake config files
[0.517s] Level 1:colcon.colcon_core.shell:create_environment_hook('wpr_simulation2', 'cmake_prefix_path')
[0.517s] INFO:colcon.colcon_core.shell:Creating environment hook '/home/starfire/ros2_ws/install/wpr_simulation2/share/wpr_simulation2/hook/cmake_prefix_path.ps1'
[0.518s] INFO:colcon.colcon_core.shell:Creating environment descriptor '/home/starfire/ros2_ws/install/wpr_simulation2/share/wpr_simulation2/hook/cmake_prefix_path.dsv'
[0.518s] INFO:colcon.colcon_core.shell:Creating environment hook '/home/starfire/ros2_ws/install/wpr_simulation2/share/wpr_simulation2/hook/cmake_prefix_path.sh'
[0.518s] Level 1:colcon.colcon_core.environment:checking '/home/starfire/ros2_ws/install/wpr_simulation2/lib'
[0.518s] Level 1:colcon.colcon_core.shell:create_environment_hook('wpr_simulation2', 'ld_library_path_lib')
[0.518s] INFO:colcon.colcon_core.shell:Creating environment hook '/home/starfire/ros2_ws/install/wpr_simulation2/share/wpr_simulation2/hook/ld_library_path_lib.ps1'
[0.518s] INFO:colcon.colcon_core.shell:Creating environment descriptor '/home/starfire/ros2_ws/install/wpr_simulation2/share/wpr_simulation2/hook/ld_library_path_lib.dsv'
[0.519s] INFO:colcon.colcon_core.shell:Creating environment hook '/home/starfire/ros2_ws/install/wpr_simulation2/share/wpr_simulation2/hook/ld_library_path_lib.sh'
[0.519s] Level 1:colcon.colcon_core.environment:checking '/home/starfire/ros2_ws/install/wpr_simulation2/bin'
[0.519s] Level 1:colcon.colcon_core.environment:checking '/home/starfire/ros2_ws/install/wpr_simulation2/lib/pkgconfig/wpr_simulation2.pc'
[0.519s] Level 1:colcon.colcon_core.environment:checking '/home/starfire/ros2_ws/install/wpr_simulation2/lib/python3.10/site-packages'
[0.519s] Level 1:colcon.colcon_core.environment:checking '/home/starfire/ros2_ws/install/wpr_simulation2/bin'
[0.519s] INFO:colcon.colcon_core.shell:Creating package script '/home/starfire/ros2_ws/install/wpr_simulation2/share/wpr_simulation2/package.ps1'
[0.519s] INFO:colcon.colcon_core.shell:Creating package descriptor '/home/starfire/ros2_ws/install/wpr_simulation2/share/wpr_simulation2/package.dsv'
[0.520s] INFO:colcon.colcon_core.shell:Creating package script '/home/starfire/ros2_ws/install/wpr_simulation2/share/wpr_simulation2/package.sh'
[0.520s] INFO:colcon.colcon_core.shell:Creating package script '/home/starfire/ros2_ws/install/wpr_simulation2/share/wpr_simulation2/package.bash'
[0.520s] INFO:colcon.colcon_core.shell:Creating package script '/home/starfire/ros2_ws/install/wpr_simulation2/share/wpr_simulation2/package.zsh'
[0.520s] Level 1:colcon.colcon_core.environment:create_file_with_runtime_dependencies(/home/starfire/ros2_ws/install/wpr_simulation2/share/colcon-core/packages/wpr_simulation2)
[0.521s] Level 1:colcon.colcon_core.environment:create_environment_scripts_only(wpr_simulation2)
[0.521s] Level 1:colcon.colcon_core.environment:checking '/home/starfire/ros2_ws/install/wpr_simulation2' for CMake module files
[0.521s] Level 1:colcon.colcon_core.environment:checking '/home/starfire/ros2_ws/install/wpr_simulation2' for CMake config files
[0.521s] Level 1:colcon.colcon_core.shell:create_environment_hook('wpr_simulation2', 'cmake_prefix_path')
[0.521s] INFO:colcon.colcon_core.shell:Creating environment hook '/home/starfire/ros2_ws/install/wpr_simulation2/share/wpr_simulation2/hook/cmake_prefix_path.ps1'
[0.521s] INFO:colcon.colcon_core.shell:Creating environment descriptor '/home/starfire/ros2_ws/install/wpr_simulation2/share/wpr_simulation2/hook/cmake_prefix_path.dsv'
[0.522s] INFO:colcon.colcon_core.shell:Creating environment hook '/home/starfire/ros2_ws/install/wpr_simulation2/share/wpr_simulation2/hook/cmake_prefix_path.sh'
[0.522s] Level 1:colcon.colcon_core.environment:checking '/home/starfire/ros2_ws/install/wpr_simulation2/lib'
[0.522s] Level 1:colcon.colcon_core.shell:create_environment_hook('wpr_simulation2', 'ld_library_path_lib')
[0.522s] INFO:colcon.colcon_core.shell:Creating environment hook '/home/starfire/ros2_ws/install/wpr_simulation2/share/wpr_simulation2/hook/ld_library_path_lib.ps1'
[0.522s] INFO:colcon.colcon_core.shell:Creating environment descriptor '/home/starfire/ros2_ws/install/wpr_simulation2/share/wpr_simulation2/hook/ld_library_path_lib.dsv'
[0.522s] INFO:colcon.colcon_core.shell:Creating environment hook '/home/starfire/ros2_ws/install/wpr_simulation2/share/wpr_simulation2/hook/ld_library_path_lib.sh'
[0.522s] Level 1:colcon.colcon_core.environment:checking '/home/starfire/ros2_ws/install/wpr_simulation2/bin'
[0.522s] Level 1:colcon.colcon_core.environment:checking '/home/starfire/ros2_ws/install/wpr_simulation2/lib/pkgconfig/wpr_simulation2.pc'
[0.523s] Level 1:colcon.colcon_core.environment:checking '/home/starfire/ros2_ws/install/wpr_simulation2/lib/python3.10/site-packages'
[0.523s] Level 1:colcon.colcon_core.environment:checking '/home/starfire/ros2_ws/install/wpr_simulation2/bin'
[0.523s] INFO:colcon.colcon_core.shell:Creating package script '/home/starfire/ros2_ws/install/wpr_simulation2/share/wpr_simulation2/package.ps1'
[0.523s] INFO:colcon.colcon_core.shell:Creating package descriptor '/home/starfire/ros2_ws/install/wpr_simulation2/share/wpr_simulation2/package.dsv'
[0.523s] INFO:colcon.colcon_core.shell:Creating package script '/home/starfire/ros2_ws/install/wpr_simulation2/share/wpr_simulation2/package.sh'
[0.524s] INFO:colcon.colcon_core.shell:Creating package script '/home/starfire/ros2_ws/install/wpr_simulation2/share/wpr_simulation2/package.bash'
[0.524s] INFO:colcon.colcon_core.shell:Creating package script '/home/starfire/ros2_ws/install/wpr_simulation2/share/wpr_simulation2/package.zsh'
[0.524s] Level 1:colcon.colcon_core.environment:create_file_with_runtime_dependencies(/home/starfire/ros2_ws/install/wpr_simulation2/share/colcon-core/packages/wpr_simulation2)
[0.524s] DEBUG:colcon.colcon_parallel_executor.executor.parallel:closing loop
[0.524s] DEBUG:colcon.colcon_parallel_executor.executor.parallel:loop closed
[0.524s] DEBUG:colcon.colcon_parallel_executor.executor.parallel:run_until_complete finished with '0'
[0.524s] DEBUG:colcon.colcon_core.event_reactor:joining thread
[0.527s] INFO:colcon.colcon_core.plugin_system:Skipping extension 'colcon_notification.desktop_notification.terminal_notifier': Not used on non-Darwin systems
[0.527s] INFO:colcon.colcon_core.plugin_system:Skipping extension 'colcon_notification.desktop_notification.win32': Not used on non-Windows systems
[0.527s] INFO:colcon.colcon_notification.desktop_notification:Sending desktop notification using 'notify2'
[0.534s] DEBUG:colcon.colcon_core.event_reactor:joined thread
[0.535s] INFO:colcon.colcon_core.shell:Creating prefix script '/home/starfire/ros2_ws/install/local_setup.ps1'
[0.535s] INFO:colcon.colcon_core.shell:Creating prefix util module '/home/starfire/ros2_ws/install/_local_setup_util_ps1.py'
[0.536s] INFO:colcon.colcon_core.shell:Creating prefix chain script '/home/starfire/ros2_ws/install/setup.ps1'
[0.536s] INFO:colcon.colcon_core.shell:Creating prefix script '/home/starfire/ros2_ws/install/local_setup.sh'
[0.537s] INFO:colcon.colcon_core.shell:Creating prefix util module '/home/starfire/ros2_ws/install/_local_setup_util_sh.py'
[0.537s] INFO:colcon.colcon_core.shell:Creating prefix chain script '/home/starfire/ros2_ws/install/setup.sh'
[0.537s] INFO:colcon.colcon_core.shell:Creating prefix script '/home/starfire/ros2_ws/install/local_setup.bash'
[0.537s] INFO:colcon.colcon_core.shell:Creating prefix chain script '/home/starfire/ros2_ws/install/setup.bash'
[0.538s] INFO:colcon.colcon_core.shell:Creating prefix script '/home/starfire/ros2_ws/install/local_setup.zsh'
[0.538s] INFO:colcon.colcon_core.shell:Creating prefix chain script '/home/starfire/ros2_ws/install/setup.zsh'
