[  1%] Built target wp_map_tools__cpp
[  8%] Built target wp_map_tools__rosidl_generator_c
[  8%] Built target ament_cmake_python_copy_wp_map_tools
[ 16%] Built target wp_map_tools__rosidl_typesupport_fastrtps_cpp
[ 23%] Built target wp_map_tools__rosidl_typesupport_cpp
[ 31%] Built target wp_map_tools__rosidl_typesupport_fastrtps_c
[ 38%] Built target wp_map_tools__rosidl_typesupport_c
[ 46%] Built target wp_map_tools__rosidl_typesupport_introspection_cpp
[ 53%] Built target wp_map_tools__rosidl_typesupport_introspection_c
[ 55%] [34m[1mAutomatic MOC for target wp_saver[0m
[ 56%] [34m[1mAutomatic MOC for target demo_navi_waypoint[0m
[ 58%] [34m[1mAutomatic MOC for target wp_map_plugins[0m
[ 61%] [34m[1mAutomatic MOC for target wp_edit_node[0m
[ 61%] [34m[1mAutomatic MOC for target wp_navi_server[0m
[ 61%] Built target wp_map_tools
[ 61%] Built target wp_navi_server_autogen
[ 61%] Built target wp_saver_autogen
[ 61%] Built target wp_edit_node_autogen
[ 61%] Built target demo_navi_waypoint_autogen
[ 62%] Built target wp_map_tools__py
[ 62%] Built target wp_map_plugins_autogen
[35m[1mConsolidate compiler generated dependencies of target wp_navi_server[0m
[35m[1mConsolidate compiler generated dependencies of target wp_edit_node[0m
[ 67%] Built target demo_navi_waypoint
[ 71%] Built target wp_edit_node
[ 76%] Built target wp_saver
[ 80%] Built target wp_map_plugins
[ 86%] Built target wp_map_tools__rosidl_generator_py
[ 91%] Built target wp_navi_server
[ 94%] Built target wp_map_tools__rosidl_typesupport_fastrtps_c__pyext
[ 97%] Built target wp_map_tools__rosidl_typesupport_introspection_c__pyext
[100%] Built target wp_map_tools__rosidl_typesupport_c__pyext
running egg_info
writing wp_map_tools.egg-info/PKG-INFO
writing dependency_links to wp_map_tools.egg-info/dependency_links.txt
writing top-level names to wp_map_tools.egg-info/top_level.txt
reading manifest file 'wp_map_tools.egg-info/SOURCES.txt'
writing manifest file 'wp_map_tools.egg-info/SOURCES.txt'
[100%] Built target ament_cmake_python_build_wp_map_tools_egg
-- Install configuration: ""
-- Installing: /home/starfire/ros2_ws/install/wp_map_tools/share/ament_index/resource_index/rosidl_interfaces/wp_map_tools
-- Installing: /home/starfire/ros2_ws/install/wp_map_tools/include/wp_map_tools/wp_map_tools
-- Installing: /home/starfire/ros2_ws/install/wp_map_tools/include/wp_map_tools/wp_map_tools/srv
-- Installing: /home/starfire/ros2_ws/install/wp_map_tools/include/wp_map_tools/wp_map_tools/srv/save_waypoints.h
-- Installing: /home/starfire/ros2_ws/install/wp_map_tools/include/wp_map_tools/wp_map_tools/srv/get_waypoint_by_name.h
-- Installing: /home/starfire/ros2_ws/install/wp_map_tools/include/wp_map_tools/wp_map_tools/srv/detail
-- Installing: /home/starfire/ros2_ws/install/wp_map_tools/include/wp_map_tools/wp_map_tools/srv/detail/get_waypoint_by_name__functions.c
-- Installing: /home/starfire/ros2_ws/install/wp_map_tools/include/wp_map_tools/wp_map_tools/srv/detail/save_waypoints__struct.h
-- Installing: /home/starfire/ros2_ws/install/wp_map_tools/include/wp_map_tools/wp_map_tools/srv/detail/get_waypoint_by_name__type_support.h
-- Installing: /home/starfire/ros2_ws/install/wp_map_tools/include/wp_map_tools/wp_map_tools/srv/detail/save_waypoints__functions.h
-- Installing: /home/starfire/ros2_ws/install/wp_map_tools/include/wp_map_tools/wp_map_tools/srv/detail/get_waypoint_by_name__struct.h
-- Installing: /home/starfire/ros2_ws/install/wp_map_tools/include/wp_map_tools/wp_map_tools/srv/detail/save_waypoints__functions.c
-- Installing: /home/starfire/ros2_ws/install/wp_map_tools/include/wp_map_tools/wp_map_tools/srv/detail/get_waypoint_by_name__functions.h
-- Installing: /home/starfire/ros2_ws/install/wp_map_tools/include/wp_map_tools/wp_map_tools/srv/detail/save_waypoints__type_support.h
-- Installing: /home/starfire/ros2_ws/install/wp_map_tools/include/wp_map_tools/wp_map_tools/msg
-- Installing: /home/starfire/ros2_ws/install/wp_map_tools/include/wp_map_tools/wp_map_tools/msg/rosidl_generator_c__visibility_control.h
-- Installing: /home/starfire/ros2_ws/install/wp_map_tools/include/wp_map_tools/wp_map_tools/msg/waypoint.h
-- Installing: /home/starfire/ros2_ws/install/wp_map_tools/include/wp_map_tools/wp_map_tools/msg/detail
-- Installing: /home/starfire/ros2_ws/install/wp_map_tools/include/wp_map_tools/wp_map_tools/msg/detail/waypoint__struct.h
-- Installing: /home/starfire/ros2_ws/install/wp_map_tools/include/wp_map_tools/wp_map_tools/msg/detail/waypoint__functions.h
-- Installing: /home/starfire/ros2_ws/install/wp_map_tools/include/wp_map_tools/wp_map_tools/msg/detail/waypoint__functions.c
-- Installing: /home/starfire/ros2_ws/install/wp_map_tools/include/wp_map_tools/wp_map_tools/msg/detail/waypoint__type_support.h
-- Installing: /home/starfire/ros2_ws/install/wp_map_tools/share/wp_map_tools/environment/library_path.sh
-- Installing: /home/starfire/ros2_ws/install/wp_map_tools/share/wp_map_tools/environment/library_path.dsv
-- Installing: /home/starfire/ros2_ws/install/wp_map_tools/lib/libwp_map_tools__rosidl_generator_c.so
-- Set runtime path of "/home/starfire/ros2_ws/install/wp_map_tools/lib/libwp_map_tools__rosidl_generator_c.so" to ""
-- Up-to-date: /home/starfire/ros2_ws/install/wp_map_tools/include/wp_map_tools/wp_map_tools
-- Up-to-date: /home/starfire/ros2_ws/install/wp_map_tools/include/wp_map_tools/wp_map_tools/srv
-- Up-to-date: /home/starfire/ros2_ws/install/wp_map_tools/include/wp_map_tools/wp_map_tools/srv/detail
-- Installing: /home/starfire/ros2_ws/install/wp_map_tools/include/wp_map_tools/wp_map_tools/srv/detail/get_waypoint_by_name__rosidl_typesupport_fastrtps_c.h
-- Installing: /home/starfire/ros2_ws/install/wp_map_tools/include/wp_map_tools/wp_map_tools/srv/detail/save_waypoints__rosidl_typesupport_fastrtps_c.h
-- Up-to-date: /home/starfire/ros2_ws/install/wp_map_tools/include/wp_map_tools/wp_map_tools/msg
-- Up-to-date: /home/starfire/ros2_ws/install/wp_map_tools/include/wp_map_tools/wp_map_tools/msg/detail
-- Installing: /home/starfire/ros2_ws/install/wp_map_tools/include/wp_map_tools/wp_map_tools/msg/detail/waypoint__rosidl_typesupport_fastrtps_c.h
-- Installing: /home/starfire/ros2_ws/install/wp_map_tools/include/wp_map_tools/wp_map_tools/msg/rosidl_typesupport_fastrtps_c__visibility_control.h
-- Installing: /home/starfire/ros2_ws/install/wp_map_tools/lib/libwp_map_tools__rosidl_typesupport_fastrtps_c.so
-- Set runtime path of "/home/starfire/ros2_ws/install/wp_map_tools/lib/libwp_map_tools__rosidl_typesupport_fastrtps_c.so" to ""
-- Up-to-date: /home/starfire/ros2_ws/install/wp_map_tools/include/wp_map_tools/wp_map_tools
-- Up-to-date: /home/starfire/ros2_ws/install/wp_map_tools/include/wp_map_tools/wp_map_tools/srv
-- Installing: /home/starfire/ros2_ws/install/wp_map_tools/include/wp_map_tools/wp_map_tools/srv/save_waypoints.hpp
-- Up-to-date: /home/starfire/ros2_ws/install/wp_map_tools/include/wp_map_tools/wp_map_tools/srv/detail
-- Installing: /home/starfire/ros2_ws/install/wp_map_tools/include/wp_map_tools/wp_map_tools/srv/detail/save_waypoints__traits.hpp
-- Installing: /home/starfire/ros2_ws/install/wp_map_tools/include/wp_map_tools/wp_map_tools/srv/detail/get_waypoint_by_name__traits.hpp
-- Installing: /home/starfire/ros2_ws/install/wp_map_tools/include/wp_map_tools/wp_map_tools/srv/detail/save_waypoints__type_support.hpp
-- Installing: /home/starfire/ros2_ws/install/wp_map_tools/include/wp_map_tools/wp_map_tools/srv/detail/save_waypoints__struct.hpp
-- Installing: /home/starfire/ros2_ws/install/wp_map_tools/include/wp_map_tools/wp_map_tools/srv/detail/get_waypoint_by_name__builder.hpp
-- Installing: /home/starfire/ros2_ws/install/wp_map_tools/include/wp_map_tools/wp_map_tools/srv/detail/get_waypoint_by_name__type_support.hpp
-- Installing: /home/starfire/ros2_ws/install/wp_map_tools/include/wp_map_tools/wp_map_tools/srv/detail/get_waypoint_by_name__struct.hpp
-- Installing: /home/starfire/ros2_ws/install/wp_map_tools/include/wp_map_tools/wp_map_tools/srv/detail/save_waypoints__builder.hpp
-- Installing: /home/starfire/ros2_ws/install/wp_map_tools/include/wp_map_tools/wp_map_tools/srv/get_waypoint_by_name.hpp
-- Up-to-date: /home/starfire/ros2_ws/install/wp_map_tools/include/wp_map_tools/wp_map_tools/msg
-- Installing: /home/starfire/ros2_ws/install/wp_map_tools/include/wp_map_tools/wp_map_tools/msg/waypoint.hpp
-- Installing: /home/starfire/ros2_ws/install/wp_map_tools/include/wp_map_tools/wp_map_tools/msg/rosidl_generator_cpp__visibility_control.hpp
-- Up-to-date: /home/starfire/ros2_ws/install/wp_map_tools/include/wp_map_tools/wp_map_tools/msg/detail
-- Installing: /home/starfire/ros2_ws/install/wp_map_tools/include/wp_map_tools/wp_map_tools/msg/detail/waypoint__struct.hpp
-- Installing: /home/starfire/ros2_ws/install/wp_map_tools/include/wp_map_tools/wp_map_tools/msg/detail/waypoint__traits.hpp
-- Installing: /home/starfire/ros2_ws/install/wp_map_tools/include/wp_map_tools/wp_map_tools/msg/detail/waypoint__builder.hpp
-- Installing: /home/starfire/ros2_ws/install/wp_map_tools/include/wp_map_tools/wp_map_tools/msg/detail/waypoint__type_support.hpp
-- Up-to-date: /home/starfire/ros2_ws/install/wp_map_tools/include/wp_map_tools/wp_map_tools
-- Up-to-date: /home/starfire/ros2_ws/install/wp_map_tools/include/wp_map_tools/wp_map_tools/srv
-- Up-to-date: /home/starfire/ros2_ws/install/wp_map_tools/include/wp_map_tools/wp_map_tools/srv/detail
-- Installing: /home/starfire/ros2_ws/install/wp_map_tools/include/wp_map_tools/wp_map_tools/srv/detail/save_waypoints__rosidl_typesupport_fastrtps_cpp.hpp
-- Installing: /home/starfire/ros2_ws/install/wp_map_tools/include/wp_map_tools/wp_map_tools/srv/detail/dds_fastrtps
-- Installing: /home/starfire/ros2_ws/install/wp_map_tools/include/wp_map_tools/wp_map_tools/srv/detail/get_waypoint_by_name__rosidl_typesupport_fastrtps_cpp.hpp
-- Up-to-date: /home/starfire/ros2_ws/install/wp_map_tools/include/wp_map_tools/wp_map_tools/msg
-- Up-to-date: /home/starfire/ros2_ws/install/wp_map_tools/include/wp_map_tools/wp_map_tools/msg/detail
-- Installing: /home/starfire/ros2_ws/install/wp_map_tools/include/wp_map_tools/wp_map_tools/msg/detail/dds_fastrtps
-- Installing: /home/starfire/ros2_ws/install/wp_map_tools/include/wp_map_tools/wp_map_tools/msg/detail/waypoint__rosidl_typesupport_fastrtps_cpp.hpp
-- Installing: /home/starfire/ros2_ws/install/wp_map_tools/include/wp_map_tools/wp_map_tools/msg/rosidl_typesupport_fastrtps_cpp__visibility_control.h
-- Installing: /home/starfire/ros2_ws/install/wp_map_tools/lib/libwp_map_tools__rosidl_typesupport_fastrtps_cpp.so
-- Set runtime path of "/home/starfire/ros2_ws/install/wp_map_tools/lib/libwp_map_tools__rosidl_typesupport_fastrtps_cpp.so" to ""
-- Up-to-date: /home/starfire/ros2_ws/install/wp_map_tools/include/wp_map_tools/wp_map_tools
-- Up-to-date: /home/starfire/ros2_ws/install/wp_map_tools/include/wp_map_tools/wp_map_tools/srv
-- Up-to-date: /home/starfire/ros2_ws/install/wp_map_tools/include/wp_map_tools/wp_map_tools/srv/detail
-- Installing: /home/starfire/ros2_ws/install/wp_map_tools/include/wp_map_tools/wp_map_tools/srv/detail/get_waypoint_by_name__rosidl_typesupport_introspection_c.h
-- Installing: /home/starfire/ros2_ws/install/wp_map_tools/include/wp_map_tools/wp_map_tools/srv/detail/save_waypoints__rosidl_typesupport_introspection_c.h
-- Installing: /home/starfire/ros2_ws/install/wp_map_tools/include/wp_map_tools/wp_map_tools/srv/detail/save_waypoints__type_support.c
-- Installing: /home/starfire/ros2_ws/install/wp_map_tools/include/wp_map_tools/wp_map_tools/srv/detail/get_waypoint_by_name__type_support.c
-- Up-to-date: /home/starfire/ros2_ws/install/wp_map_tools/include/wp_map_tools/wp_map_tools/msg
-- Installing: /home/starfire/ros2_ws/install/wp_map_tools/include/wp_map_tools/wp_map_tools/msg/rosidl_typesupport_introspection_c__visibility_control.h
-- Up-to-date: /home/starfire/ros2_ws/install/wp_map_tools/include/wp_map_tools/wp_map_tools/msg/detail
-- Installing: /home/starfire/ros2_ws/install/wp_map_tools/include/wp_map_tools/wp_map_tools/msg/detail/waypoint__rosidl_typesupport_introspection_c.h
-- Installing: /home/starfire/ros2_ws/install/wp_map_tools/include/wp_map_tools/wp_map_tools/msg/detail/waypoint__type_support.c
-- Installing: /home/starfire/ros2_ws/install/wp_map_tools/lib/libwp_map_tools__rosidl_typesupport_introspection_c.so
-- Set runtime path of "/home/starfire/ros2_ws/install/wp_map_tools/lib/libwp_map_tools__rosidl_typesupport_introspection_c.so" to ""
-- Installing: /home/starfire/ros2_ws/install/wp_map_tools/lib/libwp_map_tools__rosidl_typesupport_c.so
-- Set runtime path of "/home/starfire/ros2_ws/install/wp_map_tools/lib/libwp_map_tools__rosidl_typesupport_c.so" to ""
-- Up-to-date: /home/starfire/ros2_ws/install/wp_map_tools/include/wp_map_tools/wp_map_tools
-- Up-to-date: /home/starfire/ros2_ws/install/wp_map_tools/include/wp_map_tools/wp_map_tools/srv
-- Up-to-date: /home/starfire/ros2_ws/install/wp_map_tools/include/wp_map_tools/wp_map_tools/srv/detail
-- Installing: /home/starfire/ros2_ws/install/wp_map_tools/include/wp_map_tools/wp_map_tools/srv/detail/get_waypoint_by_name__rosidl_typesupport_introspection_cpp.hpp
-- Installing: /home/starfire/ros2_ws/install/wp_map_tools/include/wp_map_tools/wp_map_tools/srv/detail/save_waypoints__rosidl_typesupport_introspection_cpp.hpp
-- Installing: /home/starfire/ros2_ws/install/wp_map_tools/include/wp_map_tools/wp_map_tools/srv/detail/get_waypoint_by_name__type_support.cpp
-- Installing: /home/starfire/ros2_ws/install/wp_map_tools/include/wp_map_tools/wp_map_tools/srv/detail/save_waypoints__type_support.cpp
-- Up-to-date: /home/starfire/ros2_ws/install/wp_map_tools/include/wp_map_tools/wp_map_tools/msg
-- Up-to-date: /home/starfire/ros2_ws/install/wp_map_tools/include/wp_map_tools/wp_map_tools/msg/detail
-- Installing: /home/starfire/ros2_ws/install/wp_map_tools/include/wp_map_tools/wp_map_tools/msg/detail/waypoint__rosidl_typesupport_introspection_cpp.hpp
-- Installing: /home/starfire/ros2_ws/install/wp_map_tools/include/wp_map_tools/wp_map_tools/msg/detail/waypoint__type_support.cpp
-- Installing: /home/starfire/ros2_ws/install/wp_map_tools/lib/libwp_map_tools__rosidl_typesupport_introspection_cpp.so
-- Set runtime path of "/home/starfire/ros2_ws/install/wp_map_tools/lib/libwp_map_tools__rosidl_typesupport_introspection_cpp.so" to ""
-- Installing: /home/starfire/ros2_ws/install/wp_map_tools/lib/libwp_map_tools__rosidl_typesupport_cpp.so
-- Set runtime path of "/home/starfire/ros2_ws/install/wp_map_tools/lib/libwp_map_tools__rosidl_typesupport_cpp.so" to ""
-- Installing: /home/starfire/ros2_ws/install/wp_map_tools/share/wp_map_tools/environment/pythonpath.sh
-- Installing: /home/starfire/ros2_ws/install/wp_map_tools/share/wp_map_tools/environment/pythonpath.dsv
-- Installing: /home/starfire/ros2_ws/install/wp_map_tools/local/lib/python3.10/dist-packages/wp_map_tools-1.0.0-py3.10.egg-info
-- Installing: /home/starfire/ros2_ws/install/wp_map_tools/local/lib/python3.10/dist-packages/wp_map_tools-1.0.0-py3.10.egg-info/top_level.txt
-- Installing: /home/starfire/ros2_ws/install/wp_map_tools/local/lib/python3.10/dist-packages/wp_map_tools-1.0.0-py3.10.egg-info/PKG-INFO
-- Installing: /home/starfire/ros2_ws/install/wp_map_tools/local/lib/python3.10/dist-packages/wp_map_tools-1.0.0-py3.10.egg-info/dependency_links.txt
-- Installing: /home/starfire/ros2_ws/install/wp_map_tools/local/lib/python3.10/dist-packages/wp_map_tools-1.0.0-py3.10.egg-info/SOURCES.txt
-- Installing: /home/starfire/ros2_ws/install/wp_map_tools/local/lib/python3.10/dist-packages/wp_map_tools
-- Installing: /home/starfire/ros2_ws/install/wp_map_tools/local/lib/python3.10/dist-packages/wp_map_tools/srv
-- Installing: /home/starfire/ros2_ws/install/wp_map_tools/local/lib/python3.10/dist-packages/wp_map_tools/srv/_save_waypoints_s.c
-- Installing: /home/starfire/ros2_ws/install/wp_map_tools/local/lib/python3.10/dist-packages/wp_map_tools/srv/_save_waypoints.py
-- Installing: /home/starfire/ros2_ws/install/wp_map_tools/local/lib/python3.10/dist-packages/wp_map_tools/srv/_get_waypoint_by_name_s.c
-- Installing: /home/starfire/ros2_ws/install/wp_map_tools/local/lib/python3.10/dist-packages/wp_map_tools/srv/_get_waypoint_by_name.py
-- Installing: /home/starfire/ros2_ws/install/wp_map_tools/local/lib/python3.10/dist-packages/wp_map_tools/srv/__init__.py
-- Installing: /home/starfire/ros2_ws/install/wp_map_tools/local/lib/python3.10/dist-packages/wp_map_tools/wp_map_tools_s__rosidl_typesupport_introspection_c.cpython-310-x86_64-linux-gnu.so
-- Installing: /home/starfire/ros2_ws/install/wp_map_tools/local/lib/python3.10/dist-packages/wp_map_tools/wp_map_tools_s__rosidl_typesupport_c.cpython-310-x86_64-linux-gnu.so
-- Installing: /home/starfire/ros2_ws/install/wp_map_tools/local/lib/python3.10/dist-packages/wp_map_tools/_wp_map_tools_s.ep.rosidl_typesupport_c.c
-- Installing: /home/starfire/ros2_ws/install/wp_map_tools/local/lib/python3.10/dist-packages/wp_map_tools/_wp_map_tools_s.ep.rosidl_typesupport_fastrtps_c.c
-- Installing: /home/starfire/ros2_ws/install/wp_map_tools/local/lib/python3.10/dist-packages/wp_map_tools/wp_map_tools_s__rosidl_typesupport_fastrtps_c.cpython-310-x86_64-linux-gnu.so
-- Installing: /home/starfire/ros2_ws/install/wp_map_tools/local/lib/python3.10/dist-packages/wp_map_tools/__init__.py
-- Installing: /home/starfire/ros2_ws/install/wp_map_tools/local/lib/python3.10/dist-packages/wp_map_tools/_wp_map_tools_s.ep.rosidl_typesupport_introspection_c.c
-- Installing: /home/starfire/ros2_ws/install/wp_map_tools/local/lib/python3.10/dist-packages/wp_map_tools/libwp_map_tools__rosidl_generator_py.so
-- Installing: /home/starfire/ros2_ws/install/wp_map_tools/local/lib/python3.10/dist-packages/wp_map_tools/msg
-- Installing: /home/starfire/ros2_ws/install/wp_map_tools/local/lib/python3.10/dist-packages/wp_map_tools/msg/_waypoint_s.c
-- Installing: /home/starfire/ros2_ws/install/wp_map_tools/local/lib/python3.10/dist-packages/wp_map_tools/msg/_waypoint.py
-- Installing: /home/starfire/ros2_ws/install/wp_map_tools/local/lib/python3.10/dist-packages/wp_map_tools/msg/__init__.py
Listing '/home/starfire/ros2_ws/install/wp_map_tools/local/lib/python3.10/dist-packages/wp_map_tools'...
Compiling '/home/starfire/ros2_ws/install/wp_map_tools/local/lib/python3.10/dist-packages/wp_map_tools/__init__.py'...
Listing '/home/starfire/ros2_ws/install/wp_map_tools/local/lib/python3.10/dist-packages/wp_map_tools/msg'...
Compiling '/home/starfire/ros2_ws/install/wp_map_tools/local/lib/python3.10/dist-packages/wp_map_tools/msg/__init__.py'...
Compiling '/home/starfire/ros2_ws/install/wp_map_tools/local/lib/python3.10/dist-packages/wp_map_tools/msg/_waypoint.py'...
Listing '/home/starfire/ros2_ws/install/wp_map_tools/local/lib/python3.10/dist-packages/wp_map_tools/srv'...
Compiling '/home/starfire/ros2_ws/install/wp_map_tools/local/lib/python3.10/dist-packages/wp_map_tools/srv/__init__.py'...
Compiling '/home/starfire/ros2_ws/install/wp_map_tools/local/lib/python3.10/dist-packages/wp_map_tools/srv/_get_waypoint_by_name.py'...
Compiling '/home/starfire/ros2_ws/install/wp_map_tools/local/lib/python3.10/dist-packages/wp_map_tools/srv/_save_waypoints.py'...
-- Installing: /home/starfire/ros2_ws/install/wp_map_tools/local/lib/python3.10/dist-packages/wp_map_tools/wp_map_tools_s__rosidl_typesupport_fastrtps_c.cpython-310-x86_64-linux-gnu.so
-- Set runtime path of "/home/starfire/ros2_ws/install/wp_map_tools/local/lib/python3.10/dist-packages/wp_map_tools/wp_map_tools_s__rosidl_typesupport_fastrtps_c.cpython-310-x86_64-linux-gnu.so" to ""
-- Installing: /home/starfire/ros2_ws/install/wp_map_tools/local/lib/python3.10/dist-packages/wp_map_tools/wp_map_tools_s__rosidl_typesupport_introspection_c.cpython-310-x86_64-linux-gnu.so
-- Set runtime path of "/home/starfire/ros2_ws/install/wp_map_tools/local/lib/python3.10/dist-packages/wp_map_tools/wp_map_tools_s__rosidl_typesupport_introspection_c.cpython-310-x86_64-linux-gnu.so" to ""
-- Installing: /home/starfire/ros2_ws/install/wp_map_tools/local/lib/python3.10/dist-packages/wp_map_tools/wp_map_tools_s__rosidl_typesupport_c.cpython-310-x86_64-linux-gnu.so
-- Set runtime path of "/home/starfire/ros2_ws/install/wp_map_tools/local/lib/python3.10/dist-packages/wp_map_tools/wp_map_tools_s__rosidl_typesupport_c.cpython-310-x86_64-linux-gnu.so" to ""
-- Installing: /home/starfire/ros2_ws/install/wp_map_tools/lib/libwp_map_tools__rosidl_generator_py.so
-- Set runtime path of "/home/starfire/ros2_ws/install/wp_map_tools/lib/libwp_map_tools__rosidl_generator_py.so" to ""
-- Installing: /home/starfire/ros2_ws/install/wp_map_tools/share/wp_map_tools/msg/Waypoint.idl
-- Installing: /home/starfire/ros2_ws/install/wp_map_tools/share/wp_map_tools/srv/SaveWaypoints.idl
-- Installing: /home/starfire/ros2_ws/install/wp_map_tools/share/wp_map_tools/srv/GetWaypointByName.idl
-- Installing: /home/starfire/ros2_ws/install/wp_map_tools/share/wp_map_tools/msg/Waypoint.msg
-- Installing: /home/starfire/ros2_ws/install/wp_map_tools/share/wp_map_tools/srv/SaveWaypoints.srv
-- Installing: /home/starfire/ros2_ws/install/wp_map_tools/share/wp_map_tools/srv/SaveWaypoints_Request.msg
-- Installing: /home/starfire/ros2_ws/install/wp_map_tools/share/wp_map_tools/srv/SaveWaypoints_Response.msg
-- Installing: /home/starfire/ros2_ws/install/wp_map_tools/share/wp_map_tools/srv/GetWaypointByName.srv
-- Installing: /home/starfire/ros2_ws/install/wp_map_tools/share/wp_map_tools/srv/GetWaypointByName_Request.msg
-- Installing: /home/starfire/ros2_ws/install/wp_map_tools/share/wp_map_tools/srv/GetWaypointByName_Response.msg
-- Installing: /home/starfire/ros2_ws/install/wp_map_tools/share/wp_map_tools/plugins_description.xml
-- Up-to-date: /home/starfire/ros2_ws/install/wp_map_tools/share/wp_map_tools/plugins_description.xml
-- Installing: /home/starfire/ros2_ws/install/wp_map_tools/lib/libwp_map_plugins.so
-- Up-to-date: /home/starfire/ros2_ws/install/wp_map_tools/include/
-- Up-to-date: /home/starfire/ros2_ws/install/wp_map_tools/include//wp_map_tools
-- Installing: /home/starfire/ros2_ws/install/wp_map_tools/include//wp_map_tools/add_waypoint_tool.hpp
-- Installing: /home/starfire/ros2_ws/install/wp_map_tools/share/wp_map_tools/launch
-- Installing: /home/starfire/ros2_ws/install/wp_map_tools/share/wp_map_tools/launch/add_waypoint_sim.launch.py
-- Installing: /home/starfire/ros2_ws/install/wp_map_tools/share/wp_map_tools/launch/navi_waypoint_home.launch.py
-- Installing: /home/starfire/ros2_ws/install/wp_map_tools/share/wp_map_tools/launch/marker_navigation.launch.py
-- Installing: /home/starfire/ros2_ws/install/wp_map_tools/share/wp_map_tools/launch/navi_waypoint_sim.launch.py
-- Installing: /home/starfire/ros2_ws/install/wp_map_tools/share/wp_map_tools/launch/add_waypoint_home.launch.py
-- Installing: /home/starfire/ros2_ws/install/wp_map_tools/share/wp_map_tools/meshes
-- Installing: /home/starfire/ros2_ws/install/wp_map_tools/share/wp_map_tools/meshes/charger.dae
-- Installing: /home/starfire/ros2_ws/install/wp_map_tools/share/wp_map_tools/meshes/waypoint.dae
-- Installing: /home/starfire/ros2_ws/install/wp_map_tools/share/wp_map_tools/rviz
-- Installing: /home/starfire/ros2_ws/install/wp_map_tools/share/wp_map_tools/rviz/edit.rviz
-- Installing: /home/starfire/ros2_ws/install/wp_map_tools/share/wp_map_tools/rviz/navi.rviz
-- Up-to-date: /home/starfire/ros2_ws/install/wp_map_tools/share/wp_map_tools/msg
-- Up-to-date: /home/starfire/ros2_ws/install/wp_map_tools/share/wp_map_tools/msg/Waypoint.msg
-- Up-to-date: /home/starfire/ros2_ws/install/wp_map_tools/share/wp_map_tools/srv
-- Installing: /home/starfire/ros2_ws/install/wp_map_tools/share/wp_map_tools/srv/GetWaypointByIndex.srv
-- Up-to-date: /home/starfire/ros2_ws/install/wp_map_tools/share/wp_map_tools/srv/SaveWaypoints.srv
-- Installing: /home/starfire/ros2_ws/install/wp_map_tools/share/wp_map_tools/srv/GetChargerByName.srv
-- Installing: /home/starfire/ros2_ws/install/wp_map_tools/share/wp_map_tools/srv/GetNumOfWaypoints.srv
-- Up-to-date: /home/starfire/ros2_ws/install/wp_map_tools/share/wp_map_tools/srv/GetWaypointByName.srv
-- Installing: /home/starfire/ros2_ws/install/wp_map_tools/share/wp_map_tools/srv/AddNewWaypoint.srv
-- Installing: /home/starfire/ros2_ws/install/wp_map_tools/share/wp_map_tools/icons
-- Installing: /home/starfire/ros2_ws/install/wp_map_tools/share/wp_map_tools/icons/classes
-- Installing: /home/starfire/ros2_ws/install/wp_map_tools/share/wp_map_tools/icons/classes/AddCharger.png
-- Installing: /home/starfire/ros2_ws/install/wp_map_tools/share/wp_map_tools/icons/classes/AddWaypointTool.png
-- Installing: /home/starfire/ros2_ws/install/wp_map_tools/lib/wp_map_tools/wp_edit_node
-- Set runtime path of "/home/starfire/ros2_ws/install/wp_map_tools/lib/wp_map_tools/wp_edit_node" to ""
-- Installing: /home/starfire/ros2_ws/install/wp_map_tools/lib/wp_map_tools/wp_saver
-- Set runtime path of "/home/starfire/ros2_ws/install/wp_map_tools/lib/wp_map_tools/wp_saver" to ""
-- Installing: /home/starfire/ros2_ws/install/wp_map_tools/lib/wp_map_tools/wp_navi_server
-- Set runtime path of "/home/starfire/ros2_ws/install/wp_map_tools/lib/wp_map_tools/wp_navi_server" to ""
-- Installing: /home/starfire/ros2_ws/install/wp_map_tools/lib/wp_map_tools/demo_navi_waypoint
-- Set runtime path of "/home/starfire/ros2_ws/install/wp_map_tools/lib/wp_map_tools/demo_navi_waypoint" to ""
-- Installing: /home/starfire/ros2_ws/install/wp_map_tools/share/ament_index/resource_index/package_run_dependencies/wp_map_tools
-- Installing: /home/starfire/ros2_ws/install/wp_map_tools/share/ament_index/resource_index/parent_prefix_path/wp_map_tools
-- Installing: /home/starfire/ros2_ws/install/wp_map_tools/share/wp_map_tools/environment/ament_prefix_path.sh
-- Installing: /home/starfire/ros2_ws/install/wp_map_tools/share/wp_map_tools/environment/ament_prefix_path.dsv
-- Installing: /home/starfire/ros2_ws/install/wp_map_tools/share/wp_map_tools/environment/path.sh
-- Installing: /home/starfire/ros2_ws/install/wp_map_tools/share/wp_map_tools/environment/path.dsv
-- Installing: /home/starfire/ros2_ws/install/wp_map_tools/share/wp_map_tools/local_setup.bash
-- Installing: /home/starfire/ros2_ws/install/wp_map_tools/share/wp_map_tools/local_setup.sh
-- Installing: /home/starfire/ros2_ws/install/wp_map_tools/share/wp_map_tools/local_setup.zsh
-- Installing: /home/starfire/ros2_ws/install/wp_map_tools/share/wp_map_tools/local_setup.dsv
-- Installing: /home/starfire/ros2_ws/install/wp_map_tools/share/wp_map_tools/package.dsv
-- Installing: /home/starfire/ros2_ws/install/wp_map_tools/share/ament_index/resource_index/packages/wp_map_tools
-- Installing: /home/starfire/ros2_ws/install/wp_map_tools/share/ament_index/resource_index/rviz_common__pluginlib__plugin/wp_map_tools
-- Installing: /home/starfire/ros2_ws/install/wp_map_tools/share/wp_map_tools/cmake/export_wp_map_tools__rosidl_generator_cExport.cmake
-- Installing: /home/starfire/ros2_ws/install/wp_map_tools/share/wp_map_tools/cmake/export_wp_map_tools__rosidl_generator_cExport-noconfig.cmake
-- Installing: /home/starfire/ros2_ws/install/wp_map_tools/share/wp_map_tools/cmake/export_wp_map_tools__rosidl_typesupport_fastrtps_cExport.cmake
-- Installing: /home/starfire/ros2_ws/install/wp_map_tools/share/wp_map_tools/cmake/export_wp_map_tools__rosidl_typesupport_fastrtps_cExport-noconfig.cmake
-- Installing: /home/starfire/ros2_ws/install/wp_map_tools/share/wp_map_tools/cmake/export_wp_map_tools__rosidl_generator_cppExport.cmake
-- Installing: /home/starfire/ros2_ws/install/wp_map_tools/share/wp_map_tools/cmake/export_wp_map_tools__rosidl_typesupport_fastrtps_cppExport.cmake
-- Installing: /home/starfire/ros2_ws/install/wp_map_tools/share/wp_map_tools/cmake/export_wp_map_tools__rosidl_typesupport_fastrtps_cppExport-noconfig.cmake
-- Installing: /home/starfire/ros2_ws/install/wp_map_tools/share/wp_map_tools/cmake/wp_map_tools__rosidl_typesupport_introspection_cExport.cmake
-- Installing: /home/starfire/ros2_ws/install/wp_map_tools/share/wp_map_tools/cmake/wp_map_tools__rosidl_typesupport_introspection_cExport-noconfig.cmake
-- Installing: /home/starfire/ros2_ws/install/wp_map_tools/share/wp_map_tools/cmake/wp_map_tools__rosidl_typesupport_cExport.cmake
-- Installing: /home/starfire/ros2_ws/install/wp_map_tools/share/wp_map_tools/cmake/wp_map_tools__rosidl_typesupport_cExport-noconfig.cmake
-- Installing: /home/starfire/ros2_ws/install/wp_map_tools/share/wp_map_tools/cmake/wp_map_tools__rosidl_typesupport_introspection_cppExport.cmake
-- Installing: /home/starfire/ros2_ws/install/wp_map_tools/share/wp_map_tools/cmake/wp_map_tools__rosidl_typesupport_introspection_cppExport-noconfig.cmake
-- Installing: /home/starfire/ros2_ws/install/wp_map_tools/share/wp_map_tools/cmake/wp_map_tools__rosidl_typesupport_cppExport.cmake
-- Installing: /home/starfire/ros2_ws/install/wp_map_tools/share/wp_map_tools/cmake/wp_map_tools__rosidl_typesupport_cppExport-noconfig.cmake
-- Installing: /home/starfire/ros2_ws/install/wp_map_tools/share/wp_map_tools/cmake/export_wp_map_tools__rosidl_generator_pyExport.cmake
-- Installing: /home/starfire/ros2_ws/install/wp_map_tools/share/wp_map_tools/cmake/export_wp_map_tools__rosidl_generator_pyExport-noconfig.cmake
-- Installing: /home/starfire/ros2_ws/install/wp_map_tools/share/wp_map_tools/cmake/wp_map_pluginsExport.cmake
-- Installing: /home/starfire/ros2_ws/install/wp_map_tools/share/wp_map_tools/cmake/wp_map_pluginsExport-noconfig.cmake
-- Installing: /home/starfire/ros2_ws/install/wp_map_tools/share/wp_map_tools/cmake/ament_cmake_export_dependencies-extras.cmake
-- Installing: /home/starfire/ros2_ws/install/wp_map_tools/share/wp_map_tools/cmake/rosidl_cmake-extras.cmake
-- Installing: /home/starfire/ros2_ws/install/wp_map_tools/share/wp_map_tools/cmake/ament_cmake_export_include_directories-extras.cmake
-- Installing: /home/starfire/ros2_ws/install/wp_map_tools/share/wp_map_tools/cmake/ament_cmake_export_libraries-extras.cmake
-- Installing: /home/starfire/ros2_ws/install/wp_map_tools/share/wp_map_tools/cmake/ament_cmake_export_targets-extras.cmake
-- Installing: /home/starfire/ros2_ws/install/wp_map_tools/share/wp_map_tools/cmake/rosidl_cmake_export_typesupport_targets-extras.cmake
-- Installing: /home/starfire/ros2_ws/install/wp_map_tools/share/wp_map_tools/cmake/rosidl_cmake_export_typesupport_libraries-extras.cmake
-- Installing: /home/starfire/ros2_ws/install/wp_map_tools/share/wp_map_tools/cmake/wp_map_toolsConfig.cmake
-- Installing: /home/starfire/ros2_ws/install/wp_map_tools/share/wp_map_tools/cmake/wp_map_toolsConfig-version.cmake
-- Installing: /home/starfire/ros2_ws/install/wp_map_tools/share/wp_map_tools/package.xml
