[0.007s] Invoking command in '/home/starfire/ros2_ws/build/wp_map_tools': CMAKE_PREFIX_PATH=/opt/ros/humble /usr/bin/cmake --build /home/starfire/ros2_ws/build/wp_map_tools -- -j16 -l16
[0.047s] [  1%] Built target wp_map_tools__cpp
[0.049s] [  8%] Built target wp_map_tools__rosidl_generator_c
[0.057s] [  8%] Built target ament_cmake_python_copy_wp_map_tools
[0.070s] [ 16%] Built target wp_map_tools__rosidl_typesupport_fastrtps_cpp
[0.071s] [ 23%] Built target wp_map_tools__rosidl_typesupport_cpp
[0.076s] [ 31%] Built target wp_map_tools__rosidl_typesupport_fastrtps_c
[0.077s] [ 38%] Built target wp_map_tools__rosidl_typesupport_c
[0.079s] [ 46%] Built target wp_map_tools__rosidl_typesupport_introspection_cpp
[0.081s] [ 53%] Built target wp_map_tools__rosidl_typesupport_introspection_c
[0.086s] [ 55%] [34m[1mAutomatic MOC for target wp_saver[0m
[0.087s] [ 56%] [34m[1mAutomatic MOC for target demo_navi_waypoint[0m
[0.088s] [ 58%] [34m[1mAutomatic MOC for target wp_map_plugins[0m
[0.089s] [ 61%] [34m[1mAutomatic MOC for target wp_edit_node[0m
[0.090s] [ 61%] [34m[1mAutomatic MOC for target wp_navi_server[0m
[0.096s] [ 61%] Built target wp_map_tools
[0.101s] [ 61%] Built target wp_navi_server_autogen
[0.103s] [ 61%] Built target wp_saver_autogen
[0.104s] [ 61%] Built target wp_edit_node_autogen
[0.104s] [ 61%] Built target demo_navi_waypoint_autogen
[0.108s] [ 62%] Built target wp_map_tools__py
[0.108s] [ 62%] Built target wp_map_plugins_autogen
[0.110s] [35m[1mConsolidate compiler generated dependencies of target wp_navi_server[0m
[0.111s] [35m[1mConsolidate compiler generated dependencies of target wp_edit_node[0m
[0.119s] [ 67%] Built target demo_navi_waypoint
[0.120s] [ 71%] Built target wp_edit_node
[0.123s] [ 76%] Built target wp_saver
[0.124s] [ 80%] Built target wp_map_plugins
[0.125s] [ 86%] Built target wp_map_tools__rosidl_generator_py
[0.125s] [ 91%] Built target wp_navi_server
[0.138s] [ 94%] Built target wp_map_tools__rosidl_typesupport_fastrtps_c__pyext
[0.139s] [ 97%] Built target wp_map_tools__rosidl_typesupport_introspection_c__pyext
[0.142s] [100%] Built target wp_map_tools__rosidl_typesupport_c__pyext
[0.224s] running egg_info
[0.224s] writing wp_map_tools.egg-info/PKG-INFO
[0.224s] writing dependency_links to wp_map_tools.egg-info/dependency_links.txt
[0.224s] writing top-level names to wp_map_tools.egg-info/top_level.txt
[0.225s] reading manifest file 'wp_map_tools.egg-info/SOURCES.txt'
[0.226s] writing manifest file 'wp_map_tools.egg-info/SOURCES.txt'
[0.244s] [100%] Built target ament_cmake_python_build_wp_map_tools_egg
[0.257s] Invoked command in '/home/starfire/ros2_ws/build/wp_map_tools' returned '0': CMAKE_PREFIX_PATH=/opt/ros/humble /usr/bin/cmake --build /home/starfire/ros2_ws/build/wp_map_tools -- -j16 -l16
[0.258s] Invoking command in '/home/starfire/ros2_ws/build/wp_map_tools': CMAKE_PREFIX_PATH=/opt/ros/humble /usr/bin/cmake --install /home/starfire/ros2_ws/build/wp_map_tools
[0.265s] -- Install configuration: ""
[0.265s] -- Installing: /home/starfire/ros2_ws/install/wp_map_tools/share/ament_index/resource_index/rosidl_interfaces/wp_map_tools
[0.265s] -- Installing: /home/starfire/ros2_ws/install/wp_map_tools/include/wp_map_tools/wp_map_tools
[0.265s] -- Installing: /home/starfire/ros2_ws/install/wp_map_tools/include/wp_map_tools/wp_map_tools/srv
[0.266s] -- Installing: /home/starfire/ros2_ws/install/wp_map_tools/include/wp_map_tools/wp_map_tools/srv/save_waypoints.h
[0.266s] -- Installing: /home/starfire/ros2_ws/install/wp_map_tools/include/wp_map_tools/wp_map_tools/srv/get_waypoint_by_name.h
[0.266s] -- Installing: /home/starfire/ros2_ws/install/wp_map_tools/include/wp_map_tools/wp_map_tools/srv/detail
[0.266s] -- Installing: /home/starfire/ros2_ws/install/wp_map_tools/include/wp_map_tools/wp_map_tools/srv/detail/get_waypoint_by_name__functions.c
[0.266s] -- Installing: /home/starfire/ros2_ws/install/wp_map_tools/include/wp_map_tools/wp_map_tools/srv/detail/save_waypoints__struct.h
[0.266s] -- Installing: /home/starfire/ros2_ws/install/wp_map_tools/include/wp_map_tools/wp_map_tools/srv/detail/get_waypoint_by_name__type_support.h
[0.266s] -- Installing: /home/starfire/ros2_ws/install/wp_map_tools/include/wp_map_tools/wp_map_tools/srv/detail/save_waypoints__functions.h
[0.266s] -- Installing: /home/starfire/ros2_ws/install/wp_map_tools/include/wp_map_tools/wp_map_tools/srv/detail/get_waypoint_by_name__struct.h
[0.266s] -- Installing: /home/starfire/ros2_ws/install/wp_map_tools/include/wp_map_tools/wp_map_tools/srv/detail/save_waypoints__functions.c
[0.266s] -- Installing: /home/starfire/ros2_ws/install/wp_map_tools/include/wp_map_tools/wp_map_tools/srv/detail/get_waypoint_by_name__functions.h
[0.266s] -- Installing: /home/starfire/ros2_ws/install/wp_map_tools/include/wp_map_tools/wp_map_tools/srv/detail/save_waypoints__type_support.h
[0.266s] -- Installing: /home/starfire/ros2_ws/install/wp_map_tools/include/wp_map_tools/wp_map_tools/msg
[0.266s] -- Installing: /home/starfire/ros2_ws/install/wp_map_tools/include/wp_map_tools/wp_map_tools/msg/rosidl_generator_c__visibility_control.h
[0.266s] -- Installing: /home/starfire/ros2_ws/install/wp_map_tools/include/wp_map_tools/wp_map_tools/msg/waypoint.h
[0.266s] -- Installing: /home/starfire/ros2_ws/install/wp_map_tools/include/wp_map_tools/wp_map_tools/msg/detail
[0.266s] -- Installing: /home/starfire/ros2_ws/install/wp_map_tools/include/wp_map_tools/wp_map_tools/msg/detail/waypoint__struct.h
[0.266s] -- Installing: /home/starfire/ros2_ws/install/wp_map_tools/include/wp_map_tools/wp_map_tools/msg/detail/waypoint__functions.h
[0.266s] -- Installing: /home/starfire/ros2_ws/install/wp_map_tools/include/wp_map_tools/wp_map_tools/msg/detail/waypoint__functions.c
[0.266s] -- Installing: /home/starfire/ros2_ws/install/wp_map_tools/include/wp_map_tools/wp_map_tools/msg/detail/waypoint__type_support.h
[0.266s] -- Installing: /home/starfire/ros2_ws/install/wp_map_tools/share/wp_map_tools/environment/library_path.sh
[0.266s] -- Installing: /home/starfire/ros2_ws/install/wp_map_tools/share/wp_map_tools/environment/library_path.dsv
[0.266s] -- Installing: /home/starfire/ros2_ws/install/wp_map_tools/lib/libwp_map_tools__rosidl_generator_c.so
[0.267s] -- Set runtime path of "/home/starfire/ros2_ws/install/wp_map_tools/lib/libwp_map_tools__rosidl_generator_c.so" to ""
[0.267s] -- Up-to-date: /home/starfire/ros2_ws/install/wp_map_tools/include/wp_map_tools/wp_map_tools
[0.267s] -- Up-to-date: /home/starfire/ros2_ws/install/wp_map_tools/include/wp_map_tools/wp_map_tools/srv
[0.267s] -- Up-to-date: /home/starfire/ros2_ws/install/wp_map_tools/include/wp_map_tools/wp_map_tools/srv/detail
[0.267s] -- Installing: /home/starfire/ros2_ws/install/wp_map_tools/include/wp_map_tools/wp_map_tools/srv/detail/get_waypoint_by_name__rosidl_typesupport_fastrtps_c.h
[0.267s] -- Installing: /home/starfire/ros2_ws/install/wp_map_tools/include/wp_map_tools/wp_map_tools/srv/detail/save_waypoints__rosidl_typesupport_fastrtps_c.h
[0.267s] -- Up-to-date: /home/starfire/ros2_ws/install/wp_map_tools/include/wp_map_tools/wp_map_tools/msg
[0.267s] -- Up-to-date: /home/starfire/ros2_ws/install/wp_map_tools/include/wp_map_tools/wp_map_tools/msg/detail
[0.267s] -- Installing: /home/starfire/ros2_ws/install/wp_map_tools/include/wp_map_tools/wp_map_tools/msg/detail/waypoint__rosidl_typesupport_fastrtps_c.h
[0.267s] -- Installing: /home/starfire/ros2_ws/install/wp_map_tools/include/wp_map_tools/wp_map_tools/msg/rosidl_typesupport_fastrtps_c__visibility_control.h
[0.267s] -- Installing: /home/starfire/ros2_ws/install/wp_map_tools/lib/libwp_map_tools__rosidl_typesupport_fastrtps_c.so
[0.267s] -- Set runtime path of "/home/starfire/ros2_ws/install/wp_map_tools/lib/libwp_map_tools__rosidl_typesupport_fastrtps_c.so" to ""
[0.267s] -- Up-to-date: /home/starfire/ros2_ws/install/wp_map_tools/include/wp_map_tools/wp_map_tools
[0.267s] -- Up-to-date: /home/starfire/ros2_ws/install/wp_map_tools/include/wp_map_tools/wp_map_tools/srv
[0.267s] -- Installing: /home/starfire/ros2_ws/install/wp_map_tools/include/wp_map_tools/wp_map_tools/srv/save_waypoints.hpp
[0.267s] -- Up-to-date: /home/starfire/ros2_ws/install/wp_map_tools/include/wp_map_tools/wp_map_tools/srv/detail
[0.267s] -- Installing: /home/starfire/ros2_ws/install/wp_map_tools/include/wp_map_tools/wp_map_tools/srv/detail/save_waypoints__traits.hpp
[0.268s] -- Installing: /home/starfire/ros2_ws/install/wp_map_tools/include/wp_map_tools/wp_map_tools/srv/detail/get_waypoint_by_name__traits.hpp
[0.268s] -- Installing: /home/starfire/ros2_ws/install/wp_map_tools/include/wp_map_tools/wp_map_tools/srv/detail/save_waypoints__type_support.hpp
[0.268s] -- Installing: /home/starfire/ros2_ws/install/wp_map_tools/include/wp_map_tools/wp_map_tools/srv/detail/save_waypoints__struct.hpp
[0.268s] -- Installing: /home/starfire/ros2_ws/install/wp_map_tools/include/wp_map_tools/wp_map_tools/srv/detail/get_waypoint_by_name__builder.hpp
[0.268s] -- Installing: /home/starfire/ros2_ws/install/wp_map_tools/include/wp_map_tools/wp_map_tools/srv/detail/get_waypoint_by_name__type_support.hpp
[0.268s] -- Installing: /home/starfire/ros2_ws/install/wp_map_tools/include/wp_map_tools/wp_map_tools/srv/detail/get_waypoint_by_name__struct.hpp
[0.268s] -- Installing: /home/starfire/ros2_ws/install/wp_map_tools/include/wp_map_tools/wp_map_tools/srv/detail/save_waypoints__builder.hpp
[0.268s] -- Installing: /home/starfire/ros2_ws/install/wp_map_tools/include/wp_map_tools/wp_map_tools/srv/get_waypoint_by_name.hpp
[0.268s] -- Up-to-date: /home/starfire/ros2_ws/install/wp_map_tools/include/wp_map_tools/wp_map_tools/msg
[0.268s] -- Installing: /home/starfire/ros2_ws/install/wp_map_tools/include/wp_map_tools/wp_map_tools/msg/waypoint.hpp
[0.268s] -- Installing: /home/starfire/ros2_ws/install/wp_map_tools/include/wp_map_tools/wp_map_tools/msg/rosidl_generator_cpp__visibility_control.hpp
[0.268s] -- Up-to-date: /home/starfire/ros2_ws/install/wp_map_tools/include/wp_map_tools/wp_map_tools/msg/detail
[0.268s] -- Installing: /home/starfire/ros2_ws/install/wp_map_tools/include/wp_map_tools/wp_map_tools/msg/detail/waypoint__struct.hpp
[0.268s] -- Installing: /home/starfire/ros2_ws/install/wp_map_tools/include/wp_map_tools/wp_map_tools/msg/detail/waypoint__traits.hpp
[0.269s] -- Installing: /home/starfire/ros2_ws/install/wp_map_tools/include/wp_map_tools/wp_map_tools/msg/detail/waypoint__builder.hpp
[0.269s] -- Installing: /home/starfire/ros2_ws/install/wp_map_tools/include/wp_map_tools/wp_map_tools/msg/detail/waypoint__type_support.hpp
[0.269s] -- Up-to-date: /home/starfire/ros2_ws/install/wp_map_tools/include/wp_map_tools/wp_map_tools
[0.269s] -- Up-to-date: /home/starfire/ros2_ws/install/wp_map_tools/include/wp_map_tools/wp_map_tools/srv
[0.269s] -- Up-to-date: /home/starfire/ros2_ws/install/wp_map_tools/include/wp_map_tools/wp_map_tools/srv/detail
[0.269s] -- Installing: /home/starfire/ros2_ws/install/wp_map_tools/include/wp_map_tools/wp_map_tools/srv/detail/save_waypoints__rosidl_typesupport_fastrtps_cpp.hpp
[0.269s] -- Installing: /home/starfire/ros2_ws/install/wp_map_tools/include/wp_map_tools/wp_map_tools/srv/detail/dds_fastrtps
[0.269s] -- Installing: /home/starfire/ros2_ws/install/wp_map_tools/include/wp_map_tools/wp_map_tools/srv/detail/get_waypoint_by_name__rosidl_typesupport_fastrtps_cpp.hpp
[0.269s] -- Up-to-date: /home/starfire/ros2_ws/install/wp_map_tools/include/wp_map_tools/wp_map_tools/msg
[0.269s] -- Up-to-date: /home/starfire/ros2_ws/install/wp_map_tools/include/wp_map_tools/wp_map_tools/msg/detail
[0.269s] -- Installing: /home/starfire/ros2_ws/install/wp_map_tools/include/wp_map_tools/wp_map_tools/msg/detail/dds_fastrtps
[0.269s] -- Installing: /home/starfire/ros2_ws/install/wp_map_tools/include/wp_map_tools/wp_map_tools/msg/detail/waypoint__rosidl_typesupport_fastrtps_cpp.hpp
[0.269s] -- Installing: /home/starfire/ros2_ws/install/wp_map_tools/include/wp_map_tools/wp_map_tools/msg/rosidl_typesupport_fastrtps_cpp__visibility_control.h
[0.269s] -- Installing: /home/starfire/ros2_ws/install/wp_map_tools/lib/libwp_map_tools__rosidl_typesupport_fastrtps_cpp.so
[0.269s] -- Set runtime path of "/home/starfire/ros2_ws/install/wp_map_tools/lib/libwp_map_tools__rosidl_typesupport_fastrtps_cpp.so" to ""
[0.269s] -- Up-to-date: /home/starfire/ros2_ws/install/wp_map_tools/include/wp_map_tools/wp_map_tools
[0.270s] -- Up-to-date: /home/starfire/ros2_ws/install/wp_map_tools/include/wp_map_tools/wp_map_tools/srv
[0.270s] -- Up-to-date: /home/starfire/ros2_ws/install/wp_map_tools/include/wp_map_tools/wp_map_tools/srv/detail
[0.270s] -- Installing: /home/starfire/ros2_ws/install/wp_map_tools/include/wp_map_tools/wp_map_tools/srv/detail/get_waypoint_by_name__rosidl_typesupport_introspection_c.h
[0.270s] -- Installing: /home/starfire/ros2_ws/install/wp_map_tools/include/wp_map_tools/wp_map_tools/srv/detail/save_waypoints__rosidl_typesupport_introspection_c.h
[0.270s] -- Installing: /home/starfire/ros2_ws/install/wp_map_tools/include/wp_map_tools/wp_map_tools/srv/detail/save_waypoints__type_support.c
[0.270s] -- Installing: /home/starfire/ros2_ws/install/wp_map_tools/include/wp_map_tools/wp_map_tools/srv/detail/get_waypoint_by_name__type_support.c
[0.270s] -- Up-to-date: /home/starfire/ros2_ws/install/wp_map_tools/include/wp_map_tools/wp_map_tools/msg
[0.270s] -- Installing: /home/starfire/ros2_ws/install/wp_map_tools/include/wp_map_tools/wp_map_tools/msg/rosidl_typesupport_introspection_c__visibility_control.h
[0.270s] -- Up-to-date: /home/starfire/ros2_ws/install/wp_map_tools/include/wp_map_tools/wp_map_tools/msg/detail
[0.270s] -- Installing: /home/starfire/ros2_ws/install/wp_map_tools/include/wp_map_tools/wp_map_tools/msg/detail/waypoint__rosidl_typesupport_introspection_c.h
[0.270s] -- Installing: /home/starfire/ros2_ws/install/wp_map_tools/include/wp_map_tools/wp_map_tools/msg/detail/waypoint__type_support.c
[0.270s] -- Installing: /home/starfire/ros2_ws/install/wp_map_tools/lib/libwp_map_tools__rosidl_typesupport_introspection_c.so
[0.270s] -- Set runtime path of "/home/starfire/ros2_ws/install/wp_map_tools/lib/libwp_map_tools__rosidl_typesupport_introspection_c.so" to ""
[0.270s] -- Installing: /home/starfire/ros2_ws/install/wp_map_tools/lib/libwp_map_tools__rosidl_typesupport_c.so
[0.270s] -- Set runtime path of "/home/starfire/ros2_ws/install/wp_map_tools/lib/libwp_map_tools__rosidl_typesupport_c.so" to ""
[0.271s] -- Up-to-date: /home/starfire/ros2_ws/install/wp_map_tools/include/wp_map_tools/wp_map_tools
[0.271s] -- Up-to-date: /home/starfire/ros2_ws/install/wp_map_tools/include/wp_map_tools/wp_map_tools/srv
[0.271s] -- Up-to-date: /home/starfire/ros2_ws/install/wp_map_tools/include/wp_map_tools/wp_map_tools/srv/detail
[0.271s] -- Installing: /home/starfire/ros2_ws/install/wp_map_tools/include/wp_map_tools/wp_map_tools/srv/detail/get_waypoint_by_name__rosidl_typesupport_introspection_cpp.hpp
[0.271s] -- Installing: /home/starfire/ros2_ws/install/wp_map_tools/include/wp_map_tools/wp_map_tools/srv/detail/save_waypoints__rosidl_typesupport_introspection_cpp.hpp
[0.271s] -- Installing: /home/starfire/ros2_ws/install/wp_map_tools/include/wp_map_tools/wp_map_tools/srv/detail/get_waypoint_by_name__type_support.cpp
[0.271s] -- Installing: /home/starfire/ros2_ws/install/wp_map_tools/include/wp_map_tools/wp_map_tools/srv/detail/save_waypoints__type_support.cpp
[0.271s] -- Up-to-date: /home/starfire/ros2_ws/install/wp_map_tools/include/wp_map_tools/wp_map_tools/msg
[0.271s] -- Up-to-date: /home/starfire/ros2_ws/install/wp_map_tools/include/wp_map_tools/wp_map_tools/msg/detail
[0.271s] -- Installing: /home/starfire/ros2_ws/install/wp_map_tools/include/wp_map_tools/wp_map_tools/msg/detail/waypoint__rosidl_typesupport_introspection_cpp.hpp
[0.271s] -- Installing: /home/starfire/ros2_ws/install/wp_map_tools/include/wp_map_tools/wp_map_tools/msg/detail/waypoint__type_support.cpp
[0.271s] -- Installing: /home/starfire/ros2_ws/install/wp_map_tools/lib/libwp_map_tools__rosidl_typesupport_introspection_cpp.so
[0.271s] -- Set runtime path of "/home/starfire/ros2_ws/install/wp_map_tools/lib/libwp_map_tools__rosidl_typesupport_introspection_cpp.so" to ""
[0.271s] -- Installing: /home/starfire/ros2_ws/install/wp_map_tools/lib/libwp_map_tools__rosidl_typesupport_cpp.so
[0.271s] -- Set runtime path of "/home/starfire/ros2_ws/install/wp_map_tools/lib/libwp_map_tools__rosidl_typesupport_cpp.so" to ""
[0.271s] -- Installing: /home/starfire/ros2_ws/install/wp_map_tools/share/wp_map_tools/environment/pythonpath.sh
[0.271s] -- Installing: /home/starfire/ros2_ws/install/wp_map_tools/share/wp_map_tools/environment/pythonpath.dsv
[0.272s] -- Installing: /home/starfire/ros2_ws/install/wp_map_tools/local/lib/python3.10/dist-packages/wp_map_tools-1.0.0-py3.10.egg-info
[0.272s] -- Installing: /home/starfire/ros2_ws/install/wp_map_tools/local/lib/python3.10/dist-packages/wp_map_tools-1.0.0-py3.10.egg-info/top_level.txt
[0.272s] -- Installing: /home/starfire/ros2_ws/install/wp_map_tools/local/lib/python3.10/dist-packages/wp_map_tools-1.0.0-py3.10.egg-info/PKG-INFO
[0.272s] -- Installing: /home/starfire/ros2_ws/install/wp_map_tools/local/lib/python3.10/dist-packages/wp_map_tools-1.0.0-py3.10.egg-info/dependency_links.txt
[0.272s] -- Installing: /home/starfire/ros2_ws/install/wp_map_tools/local/lib/python3.10/dist-packages/wp_map_tools-1.0.0-py3.10.egg-info/SOURCES.txt
[0.272s] -- Installing: /home/starfire/ros2_ws/install/wp_map_tools/local/lib/python3.10/dist-packages/wp_map_tools
[0.272s] -- Installing: /home/starfire/ros2_ws/install/wp_map_tools/local/lib/python3.10/dist-packages/wp_map_tools/srv
[0.272s] -- Installing: /home/starfire/ros2_ws/install/wp_map_tools/local/lib/python3.10/dist-packages/wp_map_tools/srv/_save_waypoints_s.c
[0.272s] -- Installing: /home/starfire/ros2_ws/install/wp_map_tools/local/lib/python3.10/dist-packages/wp_map_tools/srv/_save_waypoints.py
[0.272s] -- Installing: /home/starfire/ros2_ws/install/wp_map_tools/local/lib/python3.10/dist-packages/wp_map_tools/srv/_get_waypoint_by_name_s.c
[0.272s] -- Installing: /home/starfire/ros2_ws/install/wp_map_tools/local/lib/python3.10/dist-packages/wp_map_tools/srv/_get_waypoint_by_name.py
[0.272s] -- Installing: /home/starfire/ros2_ws/install/wp_map_tools/local/lib/python3.10/dist-packages/wp_map_tools/srv/__init__.py
[0.272s] -- Installing: /home/starfire/ros2_ws/install/wp_map_tools/local/lib/python3.10/dist-packages/wp_map_tools/wp_map_tools_s__rosidl_typesupport_introspection_c.cpython-310-x86_64-linux-gnu.so
[0.272s] -- Installing: /home/starfire/ros2_ws/install/wp_map_tools/local/lib/python3.10/dist-packages/wp_map_tools/wp_map_tools_s__rosidl_typesupport_c.cpython-310-x86_64-linux-gnu.so
[0.272s] -- Installing: /home/starfire/ros2_ws/install/wp_map_tools/local/lib/python3.10/dist-packages/wp_map_tools/_wp_map_tools_s.ep.rosidl_typesupport_c.c
[0.272s] -- Installing: /home/starfire/ros2_ws/install/wp_map_tools/local/lib/python3.10/dist-packages/wp_map_tools/_wp_map_tools_s.ep.rosidl_typesupport_fastrtps_c.c
[0.272s] -- Installing: /home/starfire/ros2_ws/install/wp_map_tools/local/lib/python3.10/dist-packages/wp_map_tools/wp_map_tools_s__rosidl_typesupport_fastrtps_c.cpython-310-x86_64-linux-gnu.so
[0.272s] -- Installing: /home/starfire/ros2_ws/install/wp_map_tools/local/lib/python3.10/dist-packages/wp_map_tools/__init__.py
[0.273s] -- Installing: /home/starfire/ros2_ws/install/wp_map_tools/local/lib/python3.10/dist-packages/wp_map_tools/_wp_map_tools_s.ep.rosidl_typesupport_introspection_c.c
[0.273s] -- Installing: /home/starfire/ros2_ws/install/wp_map_tools/local/lib/python3.10/dist-packages/wp_map_tools/libwp_map_tools__rosidl_generator_py.so
[0.273s] -- Installing: /home/starfire/ros2_ws/install/wp_map_tools/local/lib/python3.10/dist-packages/wp_map_tools/msg
[0.273s] -- Installing: /home/starfire/ros2_ws/install/wp_map_tools/local/lib/python3.10/dist-packages/wp_map_tools/msg/_waypoint_s.c
[0.273s] -- Installing: /home/starfire/ros2_ws/install/wp_map_tools/local/lib/python3.10/dist-packages/wp_map_tools/msg/_waypoint.py
[0.273s] -- Installing: /home/starfire/ros2_ws/install/wp_map_tools/local/lib/python3.10/dist-packages/wp_map_tools/msg/__init__.py
[0.291s] Listing '/home/starfire/ros2_ws/install/wp_map_tools/local/lib/python3.10/dist-packages/wp_map_tools'...
[0.291s] Compiling '/home/starfire/ros2_ws/install/wp_map_tools/local/lib/python3.10/dist-packages/wp_map_tools/__init__.py'...
[0.291s] Listing '/home/starfire/ros2_ws/install/wp_map_tools/local/lib/python3.10/dist-packages/wp_map_tools/msg'...
[0.291s] Compiling '/home/starfire/ros2_ws/install/wp_map_tools/local/lib/python3.10/dist-packages/wp_map_tools/msg/__init__.py'...
[0.291s] Compiling '/home/starfire/ros2_ws/install/wp_map_tools/local/lib/python3.10/dist-packages/wp_map_tools/msg/_waypoint.py'...
[0.291s] Listing '/home/starfire/ros2_ws/install/wp_map_tools/local/lib/python3.10/dist-packages/wp_map_tools/srv'...
[0.291s] Compiling '/home/starfire/ros2_ws/install/wp_map_tools/local/lib/python3.10/dist-packages/wp_map_tools/srv/__init__.py'...
[0.291s] Compiling '/home/starfire/ros2_ws/install/wp_map_tools/local/lib/python3.10/dist-packages/wp_map_tools/srv/_get_waypoint_by_name.py'...
[0.291s] Compiling '/home/starfire/ros2_ws/install/wp_map_tools/local/lib/python3.10/dist-packages/wp_map_tools/srv/_save_waypoints.py'...
[0.293s] -- Installing: /home/starfire/ros2_ws/install/wp_map_tools/local/lib/python3.10/dist-packages/wp_map_tools/wp_map_tools_s__rosidl_typesupport_fastrtps_c.cpython-310-x86_64-linux-gnu.so
[0.293s] -- Set runtime path of "/home/starfire/ros2_ws/install/wp_map_tools/local/lib/python3.10/dist-packages/wp_map_tools/wp_map_tools_s__rosidl_typesupport_fastrtps_c.cpython-310-x86_64-linux-gnu.so" to ""
[0.293s] -- Installing: /home/starfire/ros2_ws/install/wp_map_tools/local/lib/python3.10/dist-packages/wp_map_tools/wp_map_tools_s__rosidl_typesupport_introspection_c.cpython-310-x86_64-linux-gnu.so
[0.293s] -- Set runtime path of "/home/starfire/ros2_ws/install/wp_map_tools/local/lib/python3.10/dist-packages/wp_map_tools/wp_map_tools_s__rosidl_typesupport_introspection_c.cpython-310-x86_64-linux-gnu.so" to ""
[0.294s] -- Installing: /home/starfire/ros2_ws/install/wp_map_tools/local/lib/python3.10/dist-packages/wp_map_tools/wp_map_tools_s__rosidl_typesupport_c.cpython-310-x86_64-linux-gnu.so
[0.294s] -- Set runtime path of "/home/starfire/ros2_ws/install/wp_map_tools/local/lib/python3.10/dist-packages/wp_map_tools/wp_map_tools_s__rosidl_typesupport_c.cpython-310-x86_64-linux-gnu.so" to ""
[0.294s] -- Installing: /home/starfire/ros2_ws/install/wp_map_tools/lib/libwp_map_tools__rosidl_generator_py.so
[0.294s] -- Set runtime path of "/home/starfire/ros2_ws/install/wp_map_tools/lib/libwp_map_tools__rosidl_generator_py.so" to ""
[0.294s] -- Installing: /home/starfire/ros2_ws/install/wp_map_tools/share/wp_map_tools/msg/Waypoint.idl
[0.294s] -- Installing: /home/starfire/ros2_ws/install/wp_map_tools/share/wp_map_tools/srv/SaveWaypoints.idl
[0.294s] -- Installing: /home/starfire/ros2_ws/install/wp_map_tools/share/wp_map_tools/srv/GetWaypointByName.idl
[0.294s] -- Installing: /home/starfire/ros2_ws/install/wp_map_tools/share/wp_map_tools/msg/Waypoint.msg
[0.294s] -- Installing: /home/starfire/ros2_ws/install/wp_map_tools/share/wp_map_tools/srv/SaveWaypoints.srv
[0.294s] -- Installing: /home/starfire/ros2_ws/install/wp_map_tools/share/wp_map_tools/srv/SaveWaypoints_Request.msg
[0.294s] -- Installing: /home/starfire/ros2_ws/install/wp_map_tools/share/wp_map_tools/srv/SaveWaypoints_Response.msg
[0.294s] -- Installing: /home/starfire/ros2_ws/install/wp_map_tools/share/wp_map_tools/srv/GetWaypointByName.srv
[0.294s] -- Installing: /home/starfire/ros2_ws/install/wp_map_tools/share/wp_map_tools/srv/GetWaypointByName_Request.msg
[0.294s] -- Installing: /home/starfire/ros2_ws/install/wp_map_tools/share/wp_map_tools/srv/GetWaypointByName_Response.msg
[0.294s] -- Installing: /home/starfire/ros2_ws/install/wp_map_tools/share/wp_map_tools/plugins_description.xml
[0.294s] -- Up-to-date: /home/starfire/ros2_ws/install/wp_map_tools/share/wp_map_tools/plugins_description.xml
[0.294s] -- Installing: /home/starfire/ros2_ws/install/wp_map_tools/lib/libwp_map_plugins.so
[0.294s] -- Up-to-date: /home/starfire/ros2_ws/install/wp_map_tools/include/
[0.294s] -- Up-to-date: /home/starfire/ros2_ws/install/wp_map_tools/include//wp_map_tools
[0.294s] -- Installing: /home/starfire/ros2_ws/install/wp_map_tools/include//wp_map_tools/add_waypoint_tool.hpp
[0.294s] -- Installing: /home/starfire/ros2_ws/install/wp_map_tools/share/wp_map_tools/launch
[0.294s] -- Installing: /home/starfire/ros2_ws/install/wp_map_tools/share/wp_map_tools/launch/add_waypoint_sim.launch.py
[0.294s] -- Installing: /home/starfire/ros2_ws/install/wp_map_tools/share/wp_map_tools/launch/navi_waypoint_home.launch.py
[0.294s] -- Installing: /home/starfire/ros2_ws/install/wp_map_tools/share/wp_map_tools/launch/marker_navigation.launch.py
[0.294s] -- Installing: /home/starfire/ros2_ws/install/wp_map_tools/share/wp_map_tools/launch/navi_waypoint_sim.launch.py
[0.294s] -- Installing: /home/starfire/ros2_ws/install/wp_map_tools/share/wp_map_tools/launch/add_waypoint_home.launch.py
[0.294s] -- Installing: /home/starfire/ros2_ws/install/wp_map_tools/share/wp_map_tools/meshes
[0.294s] -- Installing: /home/starfire/ros2_ws/install/wp_map_tools/share/wp_map_tools/meshes/charger.dae
[0.294s] -- Installing: /home/starfire/ros2_ws/install/wp_map_tools/share/wp_map_tools/meshes/waypoint.dae
[0.294s] -- Installing: /home/starfire/ros2_ws/install/wp_map_tools/share/wp_map_tools/rviz
[0.294s] -- Installing: /home/starfire/ros2_ws/install/wp_map_tools/share/wp_map_tools/rviz/edit.rviz
[0.294s] -- Installing: /home/starfire/ros2_ws/install/wp_map_tools/share/wp_map_tools/rviz/navi.rviz
[0.294s] -- Up-to-date: /home/starfire/ros2_ws/install/wp_map_tools/share/wp_map_tools/msg
[0.294s] -- Up-to-date: /home/starfire/ros2_ws/install/wp_map_tools/share/wp_map_tools/msg/Waypoint.msg
[0.294s] -- Up-to-date: /home/starfire/ros2_ws/install/wp_map_tools/share/wp_map_tools/srv
[0.294s] -- Installing: /home/starfire/ros2_ws/install/wp_map_tools/share/wp_map_tools/srv/GetWaypointByIndex.srv
[0.295s] -- Up-to-date: /home/starfire/ros2_ws/install/wp_map_tools/share/wp_map_tools/srv/SaveWaypoints.srv
[0.295s] -- Installing: /home/starfire/ros2_ws/install/wp_map_tools/share/wp_map_tools/srv/GetChargerByName.srv
[0.295s] -- Installing: /home/starfire/ros2_ws/install/wp_map_tools/share/wp_map_tools/srv/GetNumOfWaypoints.srv
[0.295s] -- Up-to-date: /home/starfire/ros2_ws/install/wp_map_tools/share/wp_map_tools/srv/GetWaypointByName.srv
[0.295s] -- Installing: /home/starfire/ros2_ws/install/wp_map_tools/share/wp_map_tools/srv/AddNewWaypoint.srv
[0.295s] -- Installing: /home/starfire/ros2_ws/install/wp_map_tools/share/wp_map_tools/icons
[0.295s] -- Installing: /home/starfire/ros2_ws/install/wp_map_tools/share/wp_map_tools/icons/classes
[0.295s] -- Installing: /home/starfire/ros2_ws/install/wp_map_tools/share/wp_map_tools/icons/classes/AddCharger.png
[0.295s] -- Installing: /home/starfire/ros2_ws/install/wp_map_tools/share/wp_map_tools/icons/classes/AddWaypointTool.png
[0.295s] -- Installing: /home/starfire/ros2_ws/install/wp_map_tools/lib/wp_map_tools/wp_edit_node
[0.296s] -- Set runtime path of "/home/starfire/ros2_ws/install/wp_map_tools/lib/wp_map_tools/wp_edit_node" to ""
[0.296s] -- Installing: /home/starfire/ros2_ws/install/wp_map_tools/lib/wp_map_tools/wp_saver
[0.296s] -- Set runtime path of "/home/starfire/ros2_ws/install/wp_map_tools/lib/wp_map_tools/wp_saver" to ""
[0.296s] -- Installing: /home/starfire/ros2_ws/install/wp_map_tools/lib/wp_map_tools/wp_navi_server
[0.298s] -- Set runtime path of "/home/starfire/ros2_ws/install/wp_map_tools/lib/wp_map_tools/wp_navi_server" to ""
[0.298s] -- Installing: /home/starfire/ros2_ws/install/wp_map_tools/lib/wp_map_tools/demo_navi_waypoint
[0.299s] -- Set runtime path of "/home/starfire/ros2_ws/install/wp_map_tools/lib/wp_map_tools/demo_navi_waypoint" to ""
[0.299s] -- Installing: /home/starfire/ros2_ws/install/wp_map_tools/share/ament_index/resource_index/package_run_dependencies/wp_map_tools
[0.299s] -- Installing: /home/starfire/ros2_ws/install/wp_map_tools/share/ament_index/resource_index/parent_prefix_path/wp_map_tools
[0.299s] -- Installing: /home/starfire/ros2_ws/install/wp_map_tools/share/wp_map_tools/environment/ament_prefix_path.sh
[0.299s] -- Installing: /home/starfire/ros2_ws/install/wp_map_tools/share/wp_map_tools/environment/ament_prefix_path.dsv
[0.299s] -- Installing: /home/starfire/ros2_ws/install/wp_map_tools/share/wp_map_tools/environment/path.sh
[0.299s] -- Installing: /home/starfire/ros2_ws/install/wp_map_tools/share/wp_map_tools/environment/path.dsv
[0.299s] -- Installing: /home/starfire/ros2_ws/install/wp_map_tools/share/wp_map_tools/local_setup.bash
[0.299s] -- Installing: /home/starfire/ros2_ws/install/wp_map_tools/share/wp_map_tools/local_setup.sh
[0.299s] -- Installing: /home/starfire/ros2_ws/install/wp_map_tools/share/wp_map_tools/local_setup.zsh
[0.299s] -- Installing: /home/starfire/ros2_ws/install/wp_map_tools/share/wp_map_tools/local_setup.dsv
[0.299s] -- Installing: /home/starfire/ros2_ws/install/wp_map_tools/share/wp_map_tools/package.dsv
[0.299s] -- Installing: /home/starfire/ros2_ws/install/wp_map_tools/share/ament_index/resource_index/packages/wp_map_tools
[0.299s] -- Installing: /home/starfire/ros2_ws/install/wp_map_tools/share/ament_index/resource_index/rviz_common__pluginlib__plugin/wp_map_tools
[0.299s] -- Installing: /home/starfire/ros2_ws/install/wp_map_tools/share/wp_map_tools/cmake/export_wp_map_tools__rosidl_generator_cExport.cmake
[0.299s] -- Installing: /home/starfire/ros2_ws/install/wp_map_tools/share/wp_map_tools/cmake/export_wp_map_tools__rosidl_generator_cExport-noconfig.cmake
[0.299s] -- Installing: /home/starfire/ros2_ws/install/wp_map_tools/share/wp_map_tools/cmake/export_wp_map_tools__rosidl_typesupport_fastrtps_cExport.cmake
[0.299s] -- Installing: /home/starfire/ros2_ws/install/wp_map_tools/share/wp_map_tools/cmake/export_wp_map_tools__rosidl_typesupport_fastrtps_cExport-noconfig.cmake
[0.299s] -- Installing: /home/starfire/ros2_ws/install/wp_map_tools/share/wp_map_tools/cmake/export_wp_map_tools__rosidl_generator_cppExport.cmake
[0.299s] -- Installing: /home/starfire/ros2_ws/install/wp_map_tools/share/wp_map_tools/cmake/export_wp_map_tools__rosidl_typesupport_fastrtps_cppExport.cmake
[0.300s] -- Installing: /home/starfire/ros2_ws/install/wp_map_tools/share/wp_map_tools/cmake/export_wp_map_tools__rosidl_typesupport_fastrtps_cppExport-noconfig.cmake
[0.300s] -- Installing: /home/starfire/ros2_ws/install/wp_map_tools/share/wp_map_tools/cmake/wp_map_tools__rosidl_typesupport_introspection_cExport.cmake
[0.300s] -- Installing: /home/starfire/ros2_ws/install/wp_map_tools/share/wp_map_tools/cmake/wp_map_tools__rosidl_typesupport_introspection_cExport-noconfig.cmake
[0.300s] -- Installing: /home/starfire/ros2_ws/install/wp_map_tools/share/wp_map_tools/cmake/wp_map_tools__rosidl_typesupport_cExport.cmake
[0.300s] -- Installing: /home/starfire/ros2_ws/install/wp_map_tools/share/wp_map_tools/cmake/wp_map_tools__rosidl_typesupport_cExport-noconfig.cmake
[0.300s] -- Installing: /home/starfire/ros2_ws/install/wp_map_tools/share/wp_map_tools/cmake/wp_map_tools__rosidl_typesupport_introspection_cppExport.cmake
[0.300s] -- Installing: /home/starfire/ros2_ws/install/wp_map_tools/share/wp_map_tools/cmake/wp_map_tools__rosidl_typesupport_introspection_cppExport-noconfig.cmake
[0.300s] -- Installing: /home/starfire/ros2_ws/install/wp_map_tools/share/wp_map_tools/cmake/wp_map_tools__rosidl_typesupport_cppExport.cmake
[0.300s] -- Installing: /home/starfire/ros2_ws/install/wp_map_tools/share/wp_map_tools/cmake/wp_map_tools__rosidl_typesupport_cppExport-noconfig.cmake
[0.300s] -- Installing: /home/starfire/ros2_ws/install/wp_map_tools/share/wp_map_tools/cmake/export_wp_map_tools__rosidl_generator_pyExport.cmake
[0.300s] -- Installing: /home/starfire/ros2_ws/install/wp_map_tools/share/wp_map_tools/cmake/export_wp_map_tools__rosidl_generator_pyExport-noconfig.cmake
[0.300s] -- Installing: /home/starfire/ros2_ws/install/wp_map_tools/share/wp_map_tools/cmake/wp_map_pluginsExport.cmake
[0.300s] -- Installing: /home/starfire/ros2_ws/install/wp_map_tools/share/wp_map_tools/cmake/wp_map_pluginsExport-noconfig.cmake
[0.300s] -- Installing: /home/starfire/ros2_ws/install/wp_map_tools/share/wp_map_tools/cmake/ament_cmake_export_dependencies-extras.cmake
[0.300s] -- Installing: /home/starfire/ros2_ws/install/wp_map_tools/share/wp_map_tools/cmake/rosidl_cmake-extras.cmake
[0.300s] -- Installing: /home/starfire/ros2_ws/install/wp_map_tools/share/wp_map_tools/cmake/ament_cmake_export_include_directories-extras.cmake
[0.300s] -- Installing: /home/starfire/ros2_ws/install/wp_map_tools/share/wp_map_tools/cmake/ament_cmake_export_libraries-extras.cmake
[0.300s] -- Installing: /home/starfire/ros2_ws/install/wp_map_tools/share/wp_map_tools/cmake/ament_cmake_export_targets-extras.cmake
[0.300s] -- Installing: /home/starfire/ros2_ws/install/wp_map_tools/share/wp_map_tools/cmake/rosidl_cmake_export_typesupport_targets-extras.cmake
[0.300s] -- Installing: /home/starfire/ros2_ws/install/wp_map_tools/share/wp_map_tools/cmake/rosidl_cmake_export_typesupport_libraries-extras.cmake
[0.300s] -- Installing: /home/starfire/ros2_ws/install/wp_map_tools/share/wp_map_tools/cmake/wp_map_toolsConfig.cmake
[0.300s] -- Installing: /home/starfire/ros2_ws/install/wp_map_tools/share/wp_map_tools/cmake/wp_map_toolsConfig-version.cmake
[0.300s] -- Installing: /home/starfire/ros2_ws/install/wp_map_tools/share/wp_map_tools/package.xml
[0.302s] Invoked command in '/home/starfire/ros2_ws/build/wp_map_tools' returned '0': CMAKE_PREFIX_PATH=/opt/ros/humble /usr/bin/cmake --install /home/starfire/ros2_ws/build/wp_map_tools
